{"meta": {"format": 3, "version": "7.14.1", "timestamp": "2026-06-04T19:51:12.050337", "branch_coverage": false, "show_contexts": false}, "files": {"src\\__init__.py": {"executed_lines": [], "summary": {"covered_lines": 0, "num_statements": 0, "percent_covered": 100.0, "percent_covered_display": "100", "missing_lines": 0, "excluded_lines": 0, "percent_statements_covered": 100.0, "percent_statements_covered_display": "100"}, "missing_lines": [], "excluded_lines": [], "functions": {"": {"executed_lines": [], "summary": {"covered_lines": 0, "num_statements": 0, "percent_covered": 100.0, "percent_covered_display": "100", "missing_lines": 0, "excluded_lines": 0, "percent_statements_covered": 100.0, "percent_statements_covered_display": "100"}, "missing_lines": [], "excluded_lines": [], "start_line": 1}}, "classes": {"": {"executed_lines": [], "summary": {"covered_lines": 0, "num_statements": 0, "percent_covered": 100.0, "percent_covered_display": "100", "missing_lines": 0, "excluded_lines": 0, "percent_statements_covered": 100.0, "percent_statements_covered_display": "100"}, "missing_lines": [], "excluded_lines": [], "start_line": 1}}}, "src\\cache_context.py": {"executed_lines": [17, 18, 19, 21, 24, 26, 32, 33, 36, 38, 41, 53, 55, 56, 57, 58, 62, 63, 65, 67, 68, 70, 72, 83, 84, 85, 86, 88, 89, 90, 91, 93, 103, 105, 106, 107, 108, 112, 130, 131, 132, 133, 137, 140, 141, 144, 145, 146, 147, 148, 149, 150, 151, 152, 153, 154, 157, 158, 159, 160, 162, 164, 166, 168, 170, 172, 178, 179, 181, 186, 187, 191, 193, 195, 206, 212, 216, 217, 218], "summary": {"covered_lines": 79, "num_statements": 81, "percent_covered": 97.53086419753086, "percent_covered_display": "98", "missing_lines": 2, "excluded_lines": 0, "percent_statements_covered": 97.53086419753086, "percent_statements_covered_display": "98"}, "missing_lines": [196, 197], "excluded_lines": [], "functions": {"_compute_msg_hash": {"executed_lines": [26, 32, 33], "summary": {"covered_lines": 3, "num_statements": 3, "percent_covered": 100.0, "percent_covered_display": "100", "missing_lines": 0, "excluded_lines": 0, "percent_statements_covered": 100.0, "percent_statements_covered_display": "100"}, "missing_lines": [], "excluded_lines": [], "start_line": 24}, "CacheContext.__init__": {"executed_lines": [55, 56, 57, 58], "summary": {"covered_lines": 4, "num_statements": 4, "percent_covered": 100.0, "percent_covered_display": "100", "missing_lines": 0, "excluded_lines": 0, "percent_statements_covered": 100.0, "percent_statements_covered_display": "100"}, "missing_lines": [], "excluded_lines": [], "start_line": 53}, "CacheContext.prefix_hash": {"executed_lines": [65], "summary": {"covered_lines": 1, "num_statements": 1, "percent_covered": 100.0, "percent_covered_display": "100", "missing_lines": 0, "excluded_lines": 0, "percent_statements_covered": 100.0, "percent_statements_covered_display": "100"}, "missing_lines": [], "excluded_lines": [], "start_line": 63}, "CacheContext.all": {"executed_lines": [70], "summary": {"covered_lines": 1, "num_statements": 1, "percent_covered": 100.0, "percent_covered_display": "100", "missing_lines": 0, "excluded_lines": 0, "percent_statements_covered": 100.0, "percent_statements_covered_display": "100"}, "missing_lines": [], "excluded_lines": [], "start_line": 68}, "CacheContext.stats": {"executed_lines": [83, 88, 89, 90, 91, 93], "summary": {"covered_lines": 6, "num_statements": 6, "percent_covered": 100.0, "percent_covered_display": "100", "missing_lines": 0, "excluded_lines": 0, "percent_statements_covered": 100.0, "percent_statements_covered_display": "100"}, "missing_lines": [], "excluded_lines": [], "start_line": 72}, "CacheContext.stats._count": {"executed_lines": [84, 85, 86], "summary": {"covered_lines": 3, "num_statements": 3, "percent_covered": 100.0, "percent_covered_display": "100", "missing_lines": 0, "excluded_lines": 0, "percent_statements_covered": 100.0, "percent_statements_covered_display": "100"}, "missing_lines": [], "excluded_lines": [], "start_line": 83}, "CacheContext.last_user_content": {"executed_lines": [105, 106, 107, 108], "summary": {"covered_lines": 4, "num_statements": 4, "percent_covered": 100.0, "percent_covered_display": "100", "missing_lines": 0, "excluded_lines": 0, "percent_statements_covered": 100.0, "percent_statements_covered_display": "100"}, "missing_lines": [], "excluded_lines": [], "start_line": 103}, "CacheContext.send": {"executed_lines": [130, 131, 132, 133, 137, 140, 141, 144, 145, 146, 147, 148, 149, 150, 151, 152, 153, 154, 157, 158, 159, 160, 162], "summary": {"covered_lines": 23, "num_statements": 23, "percent_covered": 100.0, "percent_covered_display": "100", "missing_lines": 0, "excluded_lines": 0, "percent_statements_covered": 100.0, "percent_statements_covered_display": "100"}, "missing_lines": [], "excluded_lines": [], "start_line": 112}, "CacheContext.clear_log": {"executed_lines": [166], "summary": {"covered_lines": 1, "num_statements": 1, "percent_covered": 100.0, "percent_covered_display": "100", "missing_lines": 0, "excluded_lines": 0, "percent_statements_covered": 100.0, "percent_statements_covered_display": "100"}, "missing_lines": [], "excluded_lines": [], "start_line": 164}, "CacheContext.clear_scratch": {"executed_lines": [170], "summary": {"covered_lines": 1, "num_statements": 1, "percent_covered": 100.0, "percent_covered_display": "100", "missing_lines": 0, "excluded_lines": 0, "percent_statements_covered": 100.0, "percent_statements_covered_display": "100"}, "missing_lines": [], "excluded_lines": [], "start_line": 168}, "CacheContext.rebuild_prefix": {"executed_lines": [178, 179], "summary": {"covered_lines": 2, "num_statements": 2, "percent_covered": 100.0, "percent_covered_display": "100", "missing_lines": 0, "excluded_lines": 0, "percent_statements_covered": 100.0, "percent_statements_covered_display": "100"}, "missing_lines": [], "excluded_lines": [], "start_line": 172}, "CacheContext.append_to_prefix": {"executed_lines": [186, 187], "summary": {"covered_lines": 2, "num_statements": 2, "percent_covered": 100.0, "percent_covered_display": "100", "missing_lines": 0, "excluded_lines": 0, "percent_statements_covered": 100.0, "percent_statements_covered_display": "100"}, "missing_lines": [], "excluded_lines": [], "start_line": 181}, "CacheContext.__len__": {"executed_lines": [193], "summary": {"covered_lines": 1, "num_statements": 1, "percent_covered": 100.0, "percent_covered_display": "100", "missing_lines": 0, "excluded_lines": 0, "percent_statements_covered": 100.0, "percent_statements_covered_display": "100"}, "missing_lines": [], "excluded_lines": [], "start_line": 191}, "CacheContext.__repr__": {"executed_lines": [], "summary": {"covered_lines": 0, "num_statements": 2, "percent_covered": 0.0, "percent_covered_display": "0", "missing_lines": 2, "excluded_lines": 0, "percent_statements_covered": 0.0, "percent_statements_covered_display": "0"}, "missing_lines": [196, 197], "excluded_lines": [], "start_line": 195}, "compute_prefix_hash": {"executed_lines": [212, 216, 217, 218], "summary": {"covered_lines": 4, "num_statements": 4, "percent_covered": 100.0, "percent_covered_display": "100", "missing_lines": 0, "excluded_lines": 0, "percent_statements_covered": 100.0, "percent_statements_covered_display": "100"}, "missing_lines": [], "excluded_lines": [], "start_line": 206}, "": {"executed_lines": [17, 18, 19, 21, 24, 36, 38, 41, 53, 62, 63, 67, 68, 72, 103, 112, 164, 168, 172, 181, 191, 195, 206], "summary": {"covered_lines": 23, "num_statements": 23, "percent_covered": 100.0, "percent_covered_display": "100", "missing_lines": 0, "excluded_lines": 0, "percent_statements_covered": 100.0, "percent_statements_covered_display": "100"}, "missing_lines": [], "excluded_lines": [], "start_line": 1}}, "classes": {"PrefixIntegrityError": {"executed_lines": [], "summary": {"covered_lines": 0, "num_statements": 0, "percent_covered": 100.0, "percent_covered_display": "100", "missing_lines": 0, "excluded_lines": 0, "percent_statements_covered": 100.0, "percent_statements_covered_display": "100"}, "missing_lines": [], "excluded_lines": [], "start_line": 36}, "CacheContext": {"executed_lines": [55, 56, 57, 58, 65, 70, 83, 84, 85, 86, 88, 89, 90, 91, 93, 105, 106, 107, 108, 130, 131, 132, 133, 137, 140, 141, 144, 145, 146, 147, 148, 149, 150, 151, 152, 153, 154, 157, 158, 159, 160, 162, 166, 170, 178, 179, 186, 187, 193], "summary": {"covered_lines": 49, "num_statements": 51, "percent_covered": 96.07843137254902, "percent_covered_display": "96", "missing_lines": 2, "excluded_lines": 0, "percent_statements_covered": 96.07843137254902, "percent_statements_covered_display": "96"}, "missing_lines": [196, 197], "excluded_lines": [], "start_line": 41}, "": {"executed_lines": [17, 18, 19, 21, 24, 26, 32, 33, 36, 38, 41, 53, 62, 63, 67, 68, 72, 103, 112, 164, 168, 172, 181, 191, 195, 206, 212, 216, 217, 218], "summary": {"covered_lines": 30, "num_statements": 30, "percent_covered": 100.0, "percent_covered_display": "100", "missing_lines": 0, "excluded_lines": 0, "percent_statements_covered": 100.0, "percent_statements_covered_display": "100"}, "missing_lines": [], "excluded_lines": [], "start_line": 1}}}, "src\\commands.py": {"executed_lines": [3, 5, 6, 7, 8, 9, 10, 11, 13, 14, 15, 16, 25, 26, 27, 28, 29, 30, 31, 32, 35, 36, 39, 40, 41, 42, 46, 47, 50, 51, 52, 53, 54, 55, 60, 61, 62, 63, 64, 67, 68, 69, 70, 71, 72, 78, 79, 80, 83, 84, 86, 87, 88, 89, 91, 92, 93, 94, 95, 96, 97, 98, 99, 102, 103, 104, 105, 106, 109, 110, 131, 132, 133, 134, 137, 138, 139, 140, 141, 142, 143, 146, 147, 148, 149, 150, 151, 154, 155, 172, 173, 174, 175, 183, 184, 185, 186, 187, 188, 189, 190, 191, 192, 193, 204, 205, 207, 208, 211, 212, 213, 214, 215, 216, 225, 226, 227, 230, 231, 232, 239, 242, 243, 244, 246, 249, 251, 270, 280, 283, 284, 285, 286, 287, 288, 289, 292, 293, 294, 295, 296, 301, 312, 313, 325, 326, 327, 334, 335, 336, 345, 346, 347, 350, 353, 354, 392, 393, 394, 397, 399, 400, 402, 403, 404, 405, 406, 407, 408, 409, 411, 418, 419, 568, 570, 572, 573, 580, 581, 582, 583, 584, 585, 586, 587, 590, 591, 592, 593, 594, 595, 596, 598, 599, 600, 601], "summary": {"covered_lines": 196, "num_statements": 416, "percent_covered": 47.11538461538461, "percent_covered_display": "47", "missing_lines": 220, "excluded_lines": 2, "percent_statements_covered": 47.11538461538461, "percent_statements_covered_display": "47"}, "missing_lines": [111, 112, 113, 114, 115, 116, 117, 118, 119, 120, 121, 122, 123, 124, 126, 127, 128, 135, 136, 144, 145, 156, 157, 158, 159, 160, 161, 162, 163, 164, 165, 167, 168, 169, 218, 219, 220, 221, 222, 223, 224, 233, 234, 235, 236, 245, 247, 271, 272, 273, 274, 275, 276, 277, 278, 298, 314, 315, 316, 317, 318, 319, 320, 321, 322, 328, 329, 330, 331, 337, 338, 339, 340, 341, 348, 351, 355, 356, 358, 359, 360, 361, 362, 363, 364, 365, 366, 367, 369, 370, 371, 372, 375, 376, 377, 378, 379, 380, 384, 385, 386, 387, 388, 395, 396, 421, 422, 423, 424, 425, 426, 427, 428, 429, 430, 432, 435, 436, 437, 438, 439, 440, 441, 442, 443, 444, 445, 446, 447, 448, 449, 450, 451, 452, 453, 454, 455, 456, 457, 458, 459, 460, 461, 462, 463, 464, 465, 468, 469, 471, 472, 473, 474, 475, 476, 477, 479, 480, 481, 482, 483, 484, 485, 486, 487, 488, 489, 491, 492, 493, 494, 495, 496, 497, 498, 499, 500, 501, 502, 503, 505, 506, 508, 509, 510, 511, 512, 513, 515, 518, 519, 520, 521, 523, 524, 525, 526, 527, 528, 530, 533, 534, 535, 536, 537, 538, 539, 540, 542, 544, 547, 548, 549, 550, 551, 552, 554, 555, 556, 558], "excluded_lines": [18, 19], "functions": {"_add_cmd": {"executed_lines": [51, 52, 53, 54, 55], "summary": {"covered_lines": 5, "num_statements": 5, "percent_covered": 100.0, "percent_covered_display": "100", "missing_lines": 0, "excluded_lines": 0, "percent_statements_covered": 100.0, "percent_statements_covered_display": "100"}, "missing_lines": [], "excluded_lines": [], "start_line": 50}, "builtin": {"executed_lines": [61, 64], "summary": {"covered_lines": 2, "num_statements": 2, "percent_covered": 100.0, "percent_covered_display": "100", "missing_lines": 0, "excluded_lines": 0, "percent_statements_covered": 100.0, "percent_statements_covered_display": "100"}, "missing_lines": [], "excluded_lines": [], "start_line": 60}, "builtin.deco": {"executed_lines": [62, 63], "summary": {"covered_lines": 2, "num_statements": 2, "percent_covered": 100.0, "percent_covered_display": "100", "missing_lines": 0, "excluded_lines": 0, "percent_statements_covered": 100.0, "percent_statements_covered_display": "100"}, "missing_lines": [], "excluded_lines": [], "start_line": 61}, "builtin_multi": {"executed_lines": [68, 72], "summary": {"covered_lines": 2, "num_statements": 2, "percent_covered": 100.0, "percent_covered_display": "100", "missing_lines": 0, "excluded_lines": 0, "percent_statements_covered": 100.0, "percent_statements_covered_display": "100"}, "missing_lines": [], "excluded_lines": [], "start_line": 67}, "builtin_multi.deco": {"executed_lines": [69, 70, 71], "summary": {"covered_lines": 3, "num_statements": 3, "percent_covered": 100.0, "percent_covered_display": "100", "missing_lines": 0, "excluded_lines": 0, "percent_statements_covered": 100.0, "percent_statements_covered_display": "100"}, "missing_lines": [], "excluded_lines": [], "start_line": 68}, "_cmd_exit": {"executed_lines": [80], "summary": {"covered_lines": 1, "num_statements": 1, "percent_covered": 100.0, "percent_covered_display": "100", "missing_lines": 0, "excluded_lines": 0, "percent_statements_covered": 100.0, "percent_statements_covered_display": "100"}, "missing_lines": [], "excluded_lines": [], "start_line": 79}, "_cmd_help": {"executed_lines": [86, 87, 88, 89, 91, 92, 93, 94, 95, 96, 97, 98, 99], "summary": {"covered_lines": 13, "num_statements": 13, "percent_covered": 100.0, "percent_covered_display": "100", "missing_lines": 0, "excluded_lines": 0, "percent_statements_covered": 100.0, "percent_statements_covered_display": "100"}, "missing_lines": [], "excluded_lines": [], "start_line": 84}, "_cmd_clear": {"executed_lines": [104, 105, 106], "summary": {"covered_lines": 3, "num_statements": 3, "percent_covered": 100.0, "percent_covered_display": "100", "missing_lines": 0, "excluded_lines": 0, "percent_statements_covered": 100.0, "percent_statements_covered_display": "100"}, "missing_lines": [], "excluded_lines": [], "start_line": 103}, "_cmd_delete": {"executed_lines": [], "summary": {"covered_lines": 0, "num_statements": 17, "percent_covered": 0.0, "percent_covered_display": "0", "missing_lines": 17, "excluded_lines": 0, "percent_statements_covered": 0.0, "percent_statements_covered_display": "0"}, "missing_lines": [111, 112, 113, 114, 115, 116, 117, 118, 119, 120, 121, 122, 123, 124, 126, 127, 128], "excluded_lines": [], "start_line": 110}, "_cmd_sessions": {"executed_lines": [133, 134, 137, 138, 139, 140, 141, 142, 143, 146, 147, 148, 149, 150, 151], "summary": {"covered_lines": 15, "num_statements": 19, "percent_covered": 78.94736842105263, "percent_covered_display": "79", "missing_lines": 4, "excluded_lines": 0, "percent_statements_covered": 78.94736842105263, "percent_statements_covered_display": "79"}, "missing_lines": [135, 136, 144, 145], "excluded_lines": [], "start_line": 132}, "_cmd_load": {"executed_lines": [], "summary": {"covered_lines": 0, "num_statements": 13, "percent_covered": 0.0, "percent_covered_display": "0", "missing_lines": 13, "excluded_lines": 0, "percent_statements_covered": 0.0, "percent_statements_covered_display": "0"}, "missing_lines": [156, 157, 158, 159, 160, 161, 162, 163, 164, 165, 167, 168, 169], "excluded_lines": [], "start_line": 155}, "_cmd_new": {"executed_lines": [174, 175], "summary": {"covered_lines": 2, "num_statements": 2, "percent_covered": 100.0, "percent_covered_display": "100", "missing_lines": 0, "excluded_lines": 0, "percent_statements_covered": 100.0, "percent_statements_covered_display": "100"}, "missing_lines": [], "excluded_lines": [], "start_line": 173}, "_cmd_model": {"executed_lines": [185, 186, 187, 188, 189, 190, 191, 192, 193], "summary": {"covered_lines": 9, "num_statements": 9, "percent_covered": 100.0, "percent_covered_display": "100", "missing_lines": 0, "excluded_lines": 0, "percent_statements_covered": 100.0, "percent_statements_covered_display": "100"}, "missing_lines": [], "excluded_lines": [], "start_line": 184}, "_cmd_context": {"executed_lines": [207, 208, 211, 212, 213, 214, 215, 216, 225, 226, 227, 230, 231, 232, 239, 242, 243, 244, 246, 249, 251, 270, 280, 283, 284, 285, 286, 287, 288, 289, 292, 293, 294, 295, 296, 301, 312, 313, 325, 326, 327, 334, 335, 336, 345, 346, 347, 350, 353, 354, 392, 393, 394, 397, 399, 400, 402, 403, 404, 405, 406, 407, 408, 409, 411], "summary": {"covered_lines": 65, "num_statements": 136, "percent_covered": 47.794117647058826, "percent_covered_display": "48", "missing_lines": 71, "excluded_lines": 0, "percent_statements_covered": 47.794117647058826, "percent_statements_covered_display": "48"}, "missing_lines": [218, 219, 220, 221, 222, 223, 224, 233, 234, 235, 236, 245, 247, 271, 272, 273, 274, 275, 276, 277, 278, 298, 314, 315, 316, 317, 318, 319, 320, 321, 322, 328, 329, 330, 331, 337, 338, 339, 340, 341, 348, 351, 355, 356, 358, 359, 360, 361, 362, 363, 364, 365, 366, 367, 369, 370, 371, 372, 375, 376, 377, 378, 379, 380, 384, 385, 386, 387, 388, 395, 396], "excluded_lines": [], "start_line": 205}, "_cmd_self": {"executed_lines": [], "summary": {"covered_lines": 0, "num_statements": 115, "percent_covered": 0.0, "percent_covered_display": "0", "missing_lines": 115, "excluded_lines": 0, "percent_statements_covered": 0.0, "percent_statements_covered_display": "0"}, "missing_lines": [421, 422, 423, 424, 425, 426, 427, 428, 429, 430, 432, 435, 436, 437, 438, 439, 440, 441, 442, 443, 444, 445, 446, 447, 448, 449, 450, 451, 452, 453, 454, 455, 456, 457, 458, 459, 460, 461, 462, 463, 464, 465, 468, 469, 471, 472, 473, 474, 475, 476, 477, 479, 480, 481, 482, 483, 484, 485, 486, 487, 488, 489, 491, 492, 493, 494, 495, 496, 497, 498, 499, 500, 501, 502, 503, 505, 506, 508, 509, 510, 511, 512, 513, 515, 518, 519, 520, 521, 523, 524, 525, 526, 527, 528, 530, 533, 534, 535, 536, 537, 538, 539, 540, 542, 544, 547, 548, 549, 550, 551, 552, 554, 555, 556, 558], "excluded_lines": [], "start_line": 419}, "_cmd_evolve": {"executed_lines": [572, 573, 580, 581, 582, 583, 584, 585, 586, 587], "summary": {"covered_lines": 10, "num_statements": 10, "percent_covered": 100.0, "percent_covered_display": "100", "missing_lines": 0, "excluded_lines": 0, "percent_statements_covered": 100.0, "percent_statements_covered_display": "100"}, "missing_lines": [], "excluded_lines": [], "start_line": 570}, "dispatch": {"executed_lines": [591, 592, 593, 594, 595, 596, 598, 599, 600, 601], "summary": {"covered_lines": 10, "num_statements": 10, "percent_covered": 100.0, "percent_covered_display": "100", "missing_lines": 0, "excluded_lines": 0, "percent_statements_covered": 100.0, "percent_statements_covered_display": "100"}, "missing_lines": [], "excluded_lines": [], "start_line": 590}, "": {"executed_lines": [3, 5, 6, 7, 8, 9, 10, 11, 13, 14, 15, 16, 25, 26, 27, 28, 29, 30, 31, 32, 35, 36, 39, 40, 41, 42, 46, 47, 50, 60, 67, 78, 79, 83, 84, 102, 103, 109, 110, 131, 132, 154, 155, 172, 173, 183, 184, 204, 205, 418, 419, 568, 570, 590], "summary": {"covered_lines": 54, "num_statements": 54, "percent_covered": 100.0, "percent_covered_display": "100", "missing_lines": 0, "excluded_lines": 2, "percent_statements_covered": 100.0, "percent_statements_covered_display": "100"}, "missing_lines": [], "excluded_lines": [18, 19], "start_line": 1}}, "classes": {"CmdResult": {"executed_lines": [], "summary": {"covered_lines": 0, "num_statements": 0, "percent_covered": 100.0, "percent_covered_display": "100", "missing_lines": 0, "excluded_lines": 0, "percent_statements_covered": 100.0, "percent_statements_covered_display": "100"}, "missing_lines": [], "excluded_lines": [], "start_line": 26}, "Command": {"executed_lines": [], "summary": {"covered_lines": 0, "num_statements": 0, "percent_covered": 100.0, "percent_covered_display": "100", "missing_lines": 0, "excluded_lines": 0, "percent_statements_covered": 100.0, "percent_statements_covered_display": "100"}, "missing_lines": [], "excluded_lines": [], "start_line": 36}, "": {"executed_lines": [3, 5, 6, 7, 8, 9, 10, 11, 13, 14, 15, 16, 25, 26, 27, 28, 29, 30, 31, 32, 35, 36, 39, 40, 41, 42, 46, 47, 50, 51, 52, 53, 54, 55, 60, 61, 62, 63, 64, 67, 68, 69, 70, 71, 72, 78, 79, 80, 83, 84, 86, 87, 88, 89, 91, 92, 93, 94, 95, 96, 97, 98, 99, 102, 103, 104, 105, 106, 109, 110, 131, 132, 133, 134, 137, 138, 139, 140, 141, 142, 143, 146, 147, 148, 149, 150, 151, 154, 155, 172, 173, 174, 175, 183, 184, 185, 186, 187, 188, 189, 190, 191, 192, 193, 204, 205, 207, 208, 211, 212, 213, 214, 215, 216, 225, 226, 227, 230, 231, 232, 239, 242, 243, 244, 246, 249, 251, 270, 280, 283, 284, 285, 286, 287, 288, 289, 292, 293, 294, 295, 296, 301, 312, 313, 325, 326, 327, 334, 335, 336, 345, 346, 347, 350, 353, 354, 392, 393, 394, 397, 399, 400, 402, 403, 404, 405, 406, 407, 408, 409, 411, 418, 419, 568, 570, 572, 573, 580, 581, 582, 583, 584, 585, 586, 587, 590, 591, 592, 593, 594, 595, 596, 598, 599, 600, 601], "summary": {"covered_lines": 196, "num_statements": 416, "percent_covered": 47.11538461538461, "percent_covered_display": "47", "missing_lines": 220, "excluded_lines": 2, "percent_statements_covered": 47.11538461538461, "percent_statements_covered_display": "47"}, "missing_lines": [111, 112, 113, 114, 115, 116, 117, 118, 119, 120, 121, 122, 123, 124, 126, 127, 128, 135, 136, 144, 145, 156, 157, 158, 159, 160, 161, 162, 163, 164, 165, 167, 168, 169, 218, 219, 220, 221, 222, 223, 224, 233, 234, 235, 236, 245, 247, 271, 272, 273, 274, 275, 276, 277, 278, 298, 314, 315, 316, 317, 318, 319, 320, 321, 322, 328, 329, 330, 331, 337, 338, 339, 340, 341, 348, 351, 355, 356, 358, 359, 360, 361, 362, 363, 364, 365, 366, 367, 369, 370, 371, 372, 375, 376, 377, 378, 379, 380, 384, 385, 386, 387, 388, 395, 396, 421, 422, 423, 424, 425, 426, 427, 428, 429, 430, 432, 435, 436, 437, 438, 439, 440, 441, 442, 443, 444, 445, 446, 447, 448, 449, 450, 451, 452, 453, 454, 455, 456, 457, 458, 459, 460, 461, 462, 463, 464, 465, 468, 469, 471, 472, 473, 474, 475, 476, 477, 479, 480, 481, 482, 483, 484, 485, 486, 487, 488, 489, 491, 492, 493, 494, 495, 496, 497, 498, 499, 500, 501, 502, 503, 505, 506, 508, 509, 510, 511, 512, 513, 515, 518, 519, 520, 521, 523, 524, 525, 526, 527, 528, 530, 533, 534, 535, 536, 537, 538, 539, 540, 542, 544, 547, 548, 549, 550, 551, 552, 554, 555, 556, 558], "excluded_lines": [18, 19], "start_line": 1}}}, "src\\config.py": {"executed_lines": [3, 4, 6, 7, 9, 12, 13, 14, 16, 20, 21, 25, 26, 29, 30, 33, 36, 37, 38, 39, 40, 43, 44, 45, 48, 49, 52, 55, 57, 58, 59], "summary": {"covered_lines": 31, "num_statements": 32, "percent_covered": 96.875, "percent_covered_display": "97", "missing_lines": 1, "excluded_lines": 0, "percent_statements_covered": 96.875, "percent_statements_covered_display": "97"}, "missing_lines": [15], "excluded_lines": [], "functions": {"_require_env": {"executed_lines": [13, 14, 16], "summary": {"covered_lines": 3, "num_statements": 4, "percent_covered": 75.0, "percent_covered_display": "75", "missing_lines": 1, "excluded_lines": 0, "percent_statements_covered": 75.0, "percent_statements_covered_display": "75"}, "missing_lines": [15], "excluded_lines": [], "start_line": 12}, "get_tavily_client": {"executed_lines": [57, 58, 59], "summary": {"covered_lines": 3, "num_statements": 3, "percent_covered": 100.0, "percent_covered_display": "100", "missing_lines": 0, "excluded_lines": 0, "percent_statements_covered": 100.0, "percent_statements_covered_display": "100"}, "missing_lines": [], "excluded_lines": [], "start_line": 55}, "": {"executed_lines": [3, 4, 6, 7, 9, 12, 20, 21, 25, 26, 29, 30, 33, 36, 37, 38, 39, 40, 43, 44, 45, 48, 49, 52, 55], "summary": {"covered_lines": 25, "num_statements": 25, "percent_covered": 100.0, "percent_covered_display": "100", "missing_lines": 0, "excluded_lines": 0, "percent_statements_covered": 100.0, "percent_statements_covered_display": "100"}, "missing_lines": [], "excluded_lines": [], "start_line": 1}}, "classes": {"": {"executed_lines": [3, 4, 6, 7, 9, 12, 13, 14, 16, 20, 21, 25, 26, 29, 30, 33, 36, 37, 38, 39, 40, 43, 44, 45, 48, 49, 52, 55, 57, 58, 59], "summary": {"covered_lines": 31, "num_statements": 32, "percent_covered": 96.875, "percent_covered_display": "97", "missing_lines": 1, "excluded_lines": 0, "percent_statements_covered": 96.875, "percent_statements_covered_display": "97"}, "missing_lines": [15], "excluded_lines": [], "start_line": 1}}}, "src\\coverage_gate.py": {"executed_lines": [19, 20, 21, 22, 23, 24, 25, 26, 28, 30, 34, 35, 36, 37, 40, 87, 94, 96, 97, 98, 99, 100, 101, 102, 103, 104, 105, 106, 108, 109, 110, 111, 112, 113, 114, 117, 119, 120, 121, 122, 123, 124, 126, 127, 128, 129, 130, 137, 194, 197, 198, 199, 208, 225, 228, 230, 233, 234, 237, 239, 240, 244, 245, 246, 247, 248, 249, 250, 251, 253, 256, 270, 271, 275, 276, 283, 286, 287, 288, 290, 291, 292, 293, 294, 295, 297, 302, 304, 313, 314, 318, 319, 320, 322, 332, 353, 354, 355, 357, 358, 361, 362, 366, 368, 370, 371, 372, 376, 377, 378, 380, 385, 387, 388, 393, 394, 401, 406, 407, 410, 411, 412, 415, 418, 420, 423, 425, 426, 428, 429, 430, 431, 432, 433, 434, 435, 437, 440, 442, 443, 445, 447, 448, 449, 450, 451, 452, 454, 457, 472, 481, 482, 485, 486, 487, 490, 491, 492, 493, 497, 498, 502, 503, 505, 506, 507, 508, 509, 510, 514, 515, 523, 524, 527, 528, 536, 544, 547], "summary": {"covered_lines": 178, "num_statements": 251, "percent_covered": 70.91633466135458, "percent_covered_display": "71", "missing_lines": 73, "excluded_lines": 0, "percent_statements_covered": 70.91633466135458, "percent_statements_covered_display": "71"}, "missing_lines": [144, 145, 146, 147, 151, 153, 154, 162, 163, 167, 168, 169, 172, 173, 174, 176, 177, 178, 179, 180, 182, 183, 184, 185, 187, 188, 189, 191, 200, 201, 202, 211, 212, 213, 214, 216, 217, 218, 219, 220, 221, 222, 229, 231, 241, 242, 272, 273, 277, 299, 305, 311, 373, 374, 408, 416, 459, 460, 461, 462, 463, 464, 465, 466, 483, 494, 495, 499, 500, 520, 525, 538, 539], "excluded_lines": [], "functions": {"_match_pattern": {"executed_lines": [96, 97, 98, 99, 100, 101, 102, 103, 104, 105, 106, 108, 109, 110, 111, 112, 113, 114], "summary": {"covered_lines": 18, "num_statements": 18, "percent_covered": 100.0, "percent_covered_display": "100", "missing_lines": 0, "excluded_lines": 0, "percent_statements_covered": 100.0, "percent_statements_covered_display": "100"}, "missing_lines": [], "excluded_lines": [], "start_line": 94}, "_get_tier": {"executed_lines": [119, 120, 121, 122, 123, 124, 126, 127, 128, 129, 130], "summary": {"covered_lines": 11, "num_statements": 11, "percent_covered": 100.0, "percent_covered_display": "100", "missing_lines": 0, "excluded_lines": 0, "percent_statements_covered": 100.0, "percent_statements_covered_display": "100"}, "missing_lines": [], "excluded_lines": [], "start_line": 117}, "_run_coverage": {"executed_lines": [], "summary": {"covered_lines": 0, "num_statements": 28, "percent_covered": 0.0, "percent_covered_display": "0", "missing_lines": 28, "excluded_lines": 0, "percent_statements_covered": 0.0, "percent_statements_covered_display": "0"}, "missing_lines": [144, 145, 146, 147, 151, 153, 154, 162, 163, 167, 168, 169, 172, 173, 174, 176, 177, 178, 179, 180, 182, 183, 184, 185, 187, 188, 189, 191], "excluded_lines": [], "start_line": 137}, "get_overall_coverage": {"executed_lines": [197, 198, 199], "summary": {"covered_lines": 3, "num_statements": 6, "percent_covered": 50.0, "percent_covered_display": "50", "missing_lines": 3, "excluded_lines": 0, "percent_statements_covered": 50.0, "percent_statements_covered_display": "50"}, "missing_lines": [200, 201, 202], "excluded_lines": [], "start_line": 194}, "get_file_coverage": {"executed_lines": [], "summary": {"covered_lines": 0, "num_statements": 11, "percent_covered": 0.0, "percent_covered_display": "0", "missing_lines": 11, "excluded_lines": 0, "percent_statements_covered": 0.0, "percent_statements_covered_display": "0"}, "missing_lines": [211, 212, 213, 214, 216, 217, 218, 219, 220, 221, 222], "excluded_lines": [], "start_line": 208}, "_get_covered_lines": {"executed_lines": [228, 230, 233, 234], "summary": {"covered_lines": 4, "num_statements": 6, "percent_covered": 66.66666666666667, "percent_covered_display": "67", "missing_lines": 2, "excluded_lines": 0, "percent_statements_covered": 66.66666666666667, "percent_statements_covered_display": "67"}, "missing_lines": [229, 231], "excluded_lines": [], "start_line": 225}, "_get_function_line_ranges": {"executed_lines": [239, 240, 244, 245, 246, 247, 248, 249, 250, 251, 253], "summary": {"covered_lines": 11, "num_statements": 13, "percent_covered": 84.61538461538461, "percent_covered_display": "85", "missing_lines": 2, "excluded_lines": 0, "percent_statements_covered": 84.61538461538461, "percent_statements_covered_display": "85"}, "missing_lines": [241, 242], "excluded_lines": [], "start_line": 237}, "_check_function_coverage": {"executed_lines": [270, 271, 275, 276, 283, 286, 287, 288, 290, 291, 292, 293, 294, 295, 297, 302, 304, 313, 314, 318, 319, 320, 322], "summary": {"covered_lines": 23, "num_statements": 29, "percent_covered": 79.3103448275862, "percent_covered_display": "79", "missing_lines": 6, "excluded_lines": 0, "percent_statements_covered": 79.3103448275862, "percent_statements_covered_display": "79"}, "missing_lines": [272, 273, 277, 299, 305, 311], "excluded_lines": [], "start_line": 256}, "can_modify": {"executed_lines": [353, 354, 355, 357, 358, 361, 362, 366, 368, 370, 371, 372, 376, 377, 378, 380, 385, 387, 388, 393, 394], "summary": {"covered_lines": 21, "num_statements": 23, "percent_covered": 91.30434782608695, "percent_covered_display": "91", "missing_lines": 2, "excluded_lines": 0, "percent_statements_covered": 91.30434782608695, "percent_statements_covered_display": "91"}, "missing_lines": [373, 374], "excluded_lines": [], "start_line": 332}, "get_access_level": {"executed_lines": [406, 407, 410, 411, 412, 415, 418, 420], "summary": {"covered_lines": 8, "num_statements": 10, "percent_covered": 80.0, "percent_covered_display": "80", "missing_lines": 2, "excluded_lines": 0, "percent_statements_covered": 80.0, "percent_statements_covered_display": "80"}, "missing_lines": [408, 416], "excluded_lines": [], "start_line": 401}, "get_modifiable_files": {"executed_lines": [425, 426, 428, 429, 430, 431, 432, 433, 434, 435, 437], "summary": {"covered_lines": 11, "num_statements": 11, "percent_covered": 100.0, "percent_covered_display": "100", "missing_lines": 0, "excluded_lines": 0, "percent_statements_covered": 100.0, "percent_statements_covered_display": "100"}, "missing_lines": [], "excluded_lines": [], "start_line": 423}, "get_tier_summary": {"executed_lines": [442, 443, 445, 447, 448, 449, 450, 451, 452, 454], "summary": {"covered_lines": 10, "num_statements": 10, "percent_covered": 100.0, "percent_covered_display": "100", "missing_lines": 0, "excluded_lines": 0, "percent_statements_covered": 100.0, "percent_statements_covered_display": "100"}, "missing_lines": [], "excluded_lines": [], "start_line": 440}, "get_coverage_gap": {"executed_lines": [], "summary": {"covered_lines": 0, "num_statements": 8, "percent_covered": 0.0, "percent_covered_display": "0", "missing_lines": 8, "excluded_lines": 0, "percent_statements_covered": 0.0, "percent_statements_covered_display": "0"}, "missing_lines": [459, 460, 461, 462, 463, 464, 465, 466], "excluded_lines": [], "start_line": 457}, "suggest_tests_to_unlock": {"executed_lines": [481, 482, 485, 486, 487, 490, 491, 492, 493, 497, 498, 502, 503, 505, 506, 507, 508, 509, 510, 514, 515, 523, 524, 527, 528], "summary": {"covered_lines": 25, "num_statements": 32, "percent_covered": 78.125, "percent_covered_display": "78", "missing_lines": 7, "excluded_lines": 0, "percent_statements_covered": 78.125, "percent_statements_covered_display": "78"}, "missing_lines": [483, 494, 495, 499, 500, 520, 525], "excluded_lines": [], "start_line": 472}, "get_unlocked_count": {"executed_lines": [], "summary": {"covered_lines": 0, "num_statements": 2, "percent_covered": 0.0, "percent_covered_display": "0", "missing_lines": 2, "excluded_lines": 0, "percent_statements_covered": 0.0, "percent_statements_covered_display": "0"}, "missing_lines": [538, 539], "excluded_lines": [], "start_line": 536}, "clear_cache": {"executed_lines": [547], "summary": {"covered_lines": 1, "num_statements": 1, "percent_covered": 100.0, "percent_covered_display": "100", "missing_lines": 0, "excluded_lines": 0, "percent_statements_covered": 100.0, "percent_statements_covered_display": "100"}, "missing_lines": [], "excluded_lines": [], "start_line": 544}, "": {"executed_lines": [19, 20, 21, 22, 23, 24, 25, 26, 28, 30, 34, 35, 36, 37, 40, 87, 94, 117, 137, 194, 208, 225, 237, 256, 332, 401, 423, 440, 457, 472, 536, 544], "summary": {"covered_lines": 32, "num_statements": 32, "percent_covered": 100.0, "percent_covered_display": "100", "missing_lines": 0, "excluded_lines": 0, "percent_statements_covered": 100.0, "percent_statements_covered_display": "100"}, "missing_lines": [], "excluded_lines": [], "start_line": 1}}, "classes": {"AccessLevel": {"executed_lines": [], "summary": {"covered_lines": 0, "num_statements": 0, "percent_covered": 100.0, "percent_covered_display": "100", "missing_lines": 0, "excluded_lines": 0, "percent_statements_covered": 100.0, "percent_statements_covered_display": "100"}, "missing_lines": [], "excluded_lines": [], "start_line": 34}, "": {"executed_lines": [19, 20, 21, 22, 23, 24, 25, 26, 28, 30, 34, 35, 36, 37, 40, 87, 94, 96, 97, 98, 99, 100, 101, 102, 103, 104, 105, 106, 108, 109, 110, 111, 112, 113, 114, 117, 119, 120, 121, 122, 123, 124, 126, 127, 128, 129, 130, 137, 194, 197, 198, 199, 208, 225, 228, 230, 233, 234, 237, 239, 240, 244, 245, 246, 247, 248, 249, 250, 251, 253, 256, 270, 271, 275, 276, 283, 286, 287, 288, 290, 291, 292, 293, 294, 295, 297, 302, 304, 313, 314, 318, 319, 320, 322, 332, 353, 354, 355, 357, 358, 361, 362, 366, 368, 370, 371, 372, 376, 377, 378, 380, 385, 387, 388, 393, 394, 401, 406, 407, 410, 411, 412, 415, 418, 420, 423, 425, 426, 428, 429, 430, 431, 432, 433, 434, 435, 437, 440, 442, 443, 445, 447, 448, 449, 450, 451, 452, 454, 457, 472, 481, 482, 485, 486, 487, 490, 491, 492, 493, 497, 498, 502, 503, 505, 506, 507, 508, 509, 510, 514, 515, 523, 524, 527, 528, 536, 544, 547], "summary": {"covered_lines": 178, "num_statements": 251, "percent_covered": 70.91633466135458, "percent_covered_display": "71", "missing_lines": 73, "excluded_lines": 0, "percent_statements_covered": 70.91633466135458, "percent_statements_covered_display": "71"}, "missing_lines": [144, 145, 146, 147, 151, 153, 154, 162, 163, 167, 168, 169, 172, 173, 174, 176, 177, 178, 179, 180, 182, 183, 184, 185, 187, 188, 189, 191, 200, 201, 202, 211, 212, 213, 214, 216, 217, 218, 219, 220, 221, 222, 229, 231, 241, 242, 272, 273, 277, 299, 305, 311, 373, 374, 408, 416, 459, 460, 461, 462, 463, 464, 465, 466, 483, 494, 495, 499, 500, 520, 525, 538, 539], "excluded_lines": [], "start_line": 1}}}, "src\\evolution_loop.py": {"executed_lines": [13, 19, 55, 75, 106, 111, 149, 152, 154], "summary": {"covered_lines": 9, "num_statements": 9, "percent_covered": 100.0, "percent_covered_display": "100", "missing_lines": 0, "excluded_lines": 0, "percent_statements_covered": 100.0, "percent_statements_covered_display": "100"}, "missing_lines": [], "excluded_lines": [], "functions": {"build_evolution_system_prompt": {"executed_lines": [111, 149], "summary": {"covered_lines": 2, "num_statements": 2, "percent_covered": 100.0, "percent_covered_display": "100", "missing_lines": 0, "excluded_lines": 0, "percent_statements_covered": 100.0, "percent_statements_covered_display": "100"}, "missing_lines": [], "excluded_lines": [], "start_line": 106}, "build_research_prompt": {"executed_lines": [154], "summary": {"covered_lines": 1, "num_statements": 1, "percent_covered": 100.0, "percent_covered_display": "100", "missing_lines": 0, "excluded_lines": 0, "percent_statements_covered": 100.0, "percent_statements_covered_display": "100"}, "missing_lines": [], "excluded_lines": [], "start_line": 152}, "": {"executed_lines": [13, 19, 55, 75, 106, 152], "summary": {"covered_lines": 6, "num_statements": 6, "percent_covered": 100.0, "percent_covered_display": "100", "missing_lines": 0, "excluded_lines": 0, "percent_statements_covered": 100.0, "percent_statements_covered_display": "100"}, "missing_lines": [], "excluded_lines": [], "start_line": 1}}, "classes": {"": {"executed_lines": [13, 19, 55, 75, 106, 111, 149, 152, 154], "summary": {"covered_lines": 9, "num_statements": 9, "percent_covered": 100.0, "percent_covered_display": "100", "missing_lines": 0, "excluded_lines": 0, "percent_statements_covered": 100.0, "percent_statements_covered_display": "100"}, "missing_lines": [], "excluded_lines": [], "start_line": 1}}}, "src\\evolve.py": {"executed_lines": [7, 8, 9, 10, 11, 12, 13, 14, 15, 16, 18, 19, 20, 23, 24, 26, 27, 28, 29, 30, 31, 32, 33, 34, 35, 36, 37, 38, 39, 40, 41, 42, 47, 48, 51, 53, 54, 55, 56, 57, 60, 61, 64, 68, 76, 81, 83, 84, 85, 86, 87, 88, 89, 90, 91, 92, 97, 100, 102, 103, 104, 105, 106, 107, 108, 110, 111, 112, 113, 117, 121, 122, 123, 124, 125, 128, 131, 136, 137, 139, 140, 141, 143, 144, 146, 147, 148, 149, 151, 152, 153, 155, 157, 162, 168, 169, 170, 172, 174, 175, 176, 178, 179, 180, 182, 185, 188, 191, 195, 196, 197, 198, 199, 202, 203, 204, 205, 206, 209, 212, 213, 214, 217, 218, 219, 221, 222, 223, 225, 226, 229, 231, 232, 233, 234, 239, 241, 242, 243, 244, 245, 247, 248, 249, 250, 251, 252, 253, 256, 258, 259, 261, 262, 263, 264, 265, 266, 267, 274, 279, 281, 282, 283, 285, 286, 287, 288, 291, 292, 293, 297, 299, 301, 313, 315, 316, 317, 329, 331, 332, 334, 335, 336], "summary": {"covered_lines": 183, "num_statements": 211, "percent_covered": 86.72985781990522, "percent_covered_display": "87", "missing_lines": 28, "excluded_lines": 0, "percent_statements_covered": 86.72985781990522, "percent_statements_covered_display": "87"}, "missing_lines": [58, 59, 93, 94, 95, 96, 109, 114, 115, 116, 118, 119, 126, 127, 154, 183, 192, 215, 246, 294, 333, 337, 338, 339, 340, 341, 342, 343], "excluded_lines": [], "functions": {"_ensure_dir": {"executed_lines": [48], "summary": {"covered_lines": 1, "num_statements": 1, "percent_covered": 100.0, "percent_covered_display": "100", "missing_lines": 0, "excluded_lines": 0, "percent_statements_covered": 100.0, "percent_statements_covered_display": "100"}, "missing_lines": [], "excluded_lines": [], "start_line": 47}, "record_attempt": {"executed_lines": [53, 54, 55, 56, 57, 60, 61], "summary": {"covered_lines": 7, "num_statements": 9, "percent_covered": 77.77777777777777, "percent_covered_display": "78", "missing_lines": 2, "excluded_lines": 0, "percent_statements_covered": 77.77777777777777, "percent_statements_covered_display": "78"}, "missing_lines": [58, 59], "excluded_lines": [], "start_line": 51}, "record_simple": {"executed_lines": [68, 76], "summary": {"covered_lines": 2, "num_statements": 2, "percent_covered": 100.0, "percent_covered_display": "100", "missing_lines": 0, "excluded_lines": 0, "percent_statements_covered": 100.0, "percent_statements_covered_display": "100"}, "missing_lines": [], "excluded_lines": [], "start_line": 64}, "_read_all": {"executed_lines": [83, 84, 85, 86, 87, 88, 89, 90, 91, 92, 97], "summary": {"covered_lines": 11, "num_statements": 15, "percent_covered": 73.33333333333333, "percent_covered_display": "73", "missing_lines": 4, "excluded_lines": 0, "percent_statements_covered": 73.33333333333333, "percent_statements_covered_display": "73"}, "missing_lines": [93, 94, 95, 96], "excluded_lines": [], "start_line": 81}, "_read_tail": {"executed_lines": [102, 103, 104, 105, 106, 107, 108, 110, 111, 112, 113, 117, 121, 122, 123, 124, 125, 128], "summary": {"covered_lines": 18, "num_statements": 26, "percent_covered": 69.23076923076923, "percent_covered_display": "69", "missing_lines": 8, "excluded_lines": 0, "percent_statements_covered": 69.23076923076923, "percent_statements_covered_display": "69"}, "missing_lines": [109, 114, 115, 116, 118, 119, 126, 127], "excluded_lines": [], "start_line": 100}, "query": {"executed_lines": [136, 137, 139, 140, 141, 143, 144, 146, 147, 148, 149, 151, 152, 153, 155, 157], "summary": {"covered_lines": 16, "num_statements": 17, "percent_covered": 94.11764705882354, "percent_covered_display": "94", "missing_lines": 1, "excluded_lines": 0, "percent_statements_covered": 94.11764705882354, "percent_statements_covered_display": "94"}, "missing_lines": [154], "excluded_lines": [], "start_line": 131}, "_tokenize": {"executed_lines": [168, 169, 170, 172, 174, 175, 176, 178, 179, 180, 182, 185], "summary": {"covered_lines": 12, "num_statements": 13, "percent_covered": 92.3076923076923, "percent_covered_display": "92", "missing_lines": 1, "excluded_lines": 0, "percent_statements_covered": 92.3076923076923, "percent_statements_covered_display": "92"}, "missing_lines": [183], "excluded_lines": [], "start_line": 162}, "_tfidf_search": {"executed_lines": [191, 195, 196, 197, 198, 199, 202, 203, 204, 205, 206, 209, 212, 213, 214, 217, 218, 219, 221, 222, 223, 225, 226], "summary": {"covered_lines": 23, "num_statements": 25, "percent_covered": 92.0, "percent_covered_display": "92", "missing_lines": 2, "excluded_lines": 0, "percent_statements_covered": 92.0, "percent_statements_covered_display": "92"}, "missing_lines": [192, 215], "excluded_lines": [], "start_line": 188}, "find_similar": {"executed_lines": [231, 232, 233, 234], "summary": {"covered_lines": 4, "num_statements": 4, "percent_covered": 100.0, "percent_covered_display": "100", "missing_lines": 0, "excluded_lines": 0, "percent_statements_covered": 100.0, "percent_statements_covered_display": "100"}, "missing_lines": [], "excluded_lines": [], "start_line": 229}, "get_lessons": {"executed_lines": [241, 242, 243, 244, 245, 247, 248, 249, 250, 251, 252, 253], "summary": {"covered_lines": 12, "num_statements": 13, "percent_covered": 92.3076923076923, "percent_covered_display": "92", "missing_lines": 1, "excluded_lines": 0, "percent_statements_covered": 92.3076923076923, "percent_statements_covered_display": "92"}, "missing_lines": [246], "excluded_lines": [], "start_line": 239}, "get_failure_patterns": {"executed_lines": [258, 259, 261, 262, 263, 264, 265, 266, 267, 274], "summary": {"covered_lines": 10, "num_statements": 10, "percent_covered": 100.0, "percent_covered_display": "100", "missing_lines": 0, "excluded_lines": 0, "percent_statements_covered": 100.0, "percent_statements_covered_display": "100"}, "missing_lines": [], "excluded_lines": [], "start_line": 256}, "get_stats": {"executed_lines": [281, 282, 283, 285, 286, 287, 288, 291, 292, 293, 297, 299, 301], "summary": {"covered_lines": 13, "num_statements": 14, "percent_covered": 92.85714285714286, "percent_covered_display": "93", "missing_lines": 1, "excluded_lines": 0, "percent_statements_covered": 92.85714285714286, "percent_statements_covered_display": "93"}, "missing_lines": [294], "excluded_lines": [], "start_line": 279}, "get_last_n": {"executed_lines": [315, 316, 317], "summary": {"covered_lines": 3, "num_statements": 3, "percent_covered": 100.0, "percent_covered_display": "100", "missing_lines": 0, "excluded_lines": 0, "percent_statements_covered": 100.0, "percent_statements_covered_display": "100"}, "missing_lines": [], "excluded_lines": [], "start_line": 313}, "_trim_if_needed": {"executed_lines": [331, 332, 334, 335, 336], "summary": {"covered_lines": 5, "num_statements": 13, "percent_covered": 38.46153846153846, "percent_covered_display": "38", "missing_lines": 8, "excluded_lines": 0, "percent_statements_covered": 38.46153846153846, "percent_statements_covered_display": "38"}, "missing_lines": [333, 337, 338, 339, 340, 341, 342, 343], "excluded_lines": [], "start_line": 329}, "": {"executed_lines": [7, 8, 9, 10, 11, 12, 13, 14, 15, 16, 18, 19, 20, 23, 24, 26, 27, 28, 29, 30, 31, 32, 33, 34, 35, 36, 37, 38, 39, 40, 41, 42, 47, 51, 64, 81, 100, 131, 162, 188, 229, 239, 256, 279, 313, 329], "summary": {"covered_lines": 46, "num_statements": 46, "percent_covered": 100.0, "percent_covered_display": "100", "missing_lines": 0, "excluded_lines": 0, "percent_statements_covered": 100.0, "percent_statements_covered_display": "100"}, "missing_lines": [], "excluded_lines": [], "start_line": 1}}, "classes": {"EvolutionRecord": {"executed_lines": [], "summary": {"covered_lines": 0, "num_statements": 0, "percent_covered": 100.0, "percent_covered_display": "100", "missing_lines": 0, "excluded_lines": 0, "percent_statements_covered": 100.0, "percent_statements_covered_display": "100"}, "missing_lines": [], "excluded_lines": [], "start_line": 24}, "": {"executed_lines": [7, 8, 9, 10, 11, 12, 13, 14, 15, 16, 18, 19, 20, 23, 24, 26, 27, 28, 29, 30, 31, 32, 33, 34, 35, 36, 37, 38, 39, 40, 41, 42, 47, 48, 51, 53, 54, 55, 56, 57, 60, 61, 64, 68, 76, 81, 83, 84, 85, 86, 87, 88, 89, 90, 91, 92, 97, 100, 102, 103, 104, 105, 106, 107, 108, 110, 111, 112, 113, 117, 121, 122, 123, 124, 125, 128, 131, 136, 137, 139, 140, 141, 143, 144, 146, 147, 148, 149, 151, 152, 153, 155, 157, 162, 168, 169, 170, 172, 174, 175, 176, 178, 179, 180, 182, 185, 188, 191, 195, 196, 197, 198, 199, 202, 203, 204, 205, 206, 209, 212, 213, 214, 217, 218, 219, 221, 222, 223, 225, 226, 229, 231, 232, 233, 234, 239, 241, 242, 243, 244, 245, 247, 248, 249, 250, 251, 252, 253, 256, 258, 259, 261, 262, 263, 264, 265, 266, 267, 274, 279, 281, 282, 283, 285, 286, 287, 288, 291, 292, 293, 297, 299, 301, 313, 315, 316, 317, 329, 331, 332, 334, 335, 336], "summary": {"covered_lines": 183, "num_statements": 211, "percent_covered": 86.72985781990522, "percent_covered_display": "87", "missing_lines": 28, "excluded_lines": 0, "percent_statements_covered": 86.72985781990522, "percent_statements_covered_display": "87"}, "missing_lines": [58, 59, 93, 94, 95, 96, 109, 114, 115, 116, 118, 119, 126, 127, 154, 183, 192, 215, 246, 294, 333, 337, 338, 339, 340, 341, 342, 343], "excluded_lines": [], "start_line": 1}}}, "src\\guard.py": {"executed_lines": [12, 13, 14, 15, 17, 20, 22, 27, 36, 37, 40, 41, 42, 46, 48, 56, 59, 60, 61, 64, 66, 68, 69, 70, 71, 72, 73, 75, 76, 79, 81, 83, 84, 85, 86, 87, 88, 91, 94, 96, 98, 100, 111, 112, 113, 114, 115, 116, 118, 123, 125, 126, 129, 132], "summary": {"covered_lines": 54, "num_statements": 59, "percent_covered": 91.52542372881356, "percent_covered_display": "92", "missing_lines": 5, "excluded_lines": 0, "percent_statements_covered": 91.52542372881356, "percent_statements_covered_display": "92"}, "missing_lines": [89, 90, 127, 128, 135], "excluded_lines": [], "functions": {"analyze_crash": {"executed_lines": [36, 37, 40, 41, 42, 46, 48], "summary": {"covered_lines": 7, "num_statements": 7, "percent_covered": 100.0, "percent_covered_display": "100", "missing_lines": 0, "excluded_lines": 0, "percent_statements_covered": 100.0, "percent_statements_covered_display": "100"}, "missing_lines": [], "excluded_lines": [], "start_line": 27}, "_extract_src_files": {"executed_lines": [59, 60, 61], "summary": {"covered_lines": 3, "num_statements": 3, "percent_covered": 100.0, "percent_covered_display": "100", "missing_lines": 0, "excluded_lines": 0, "percent_statements_covered": 100.0, "percent_statements_covered_display": "100"}, "missing_lines": [], "excluded_lines": [], "start_line": 56}, "_find_backups": {"executed_lines": [66, 68, 69, 70, 71, 72, 73, 75, 76], "summary": {"covered_lines": 9, "num_statements": 9, "percent_covered": 100.0, "percent_covered_display": "100", "missing_lines": 0, "excluded_lines": 0, "percent_statements_covered": 100.0, "percent_statements_covered_display": "100"}, "missing_lines": [], "excluded_lines": [], "start_line": 64}, "execute_rollback": {"executed_lines": [81, 83, 84, 85, 86, 87, 88, 91], "summary": {"covered_lines": 8, "num_statements": 10, "percent_covered": 80.0, "percent_covered_display": "80", "missing_lines": 2, "excluded_lines": 0, "percent_statements_covered": 80.0, "percent_statements_covered_display": "80"}, "missing_lines": [89, 90], "excluded_lines": [], "start_line": 79}, "build_report": {"executed_lines": [96, 98, 100, 111, 112, 113, 114, 115, 116, 118], "summary": {"covered_lines": 10, "num_statements": 10, "percent_covered": 100.0, "percent_covered_display": "100", "missing_lines": 0, "excluded_lines": 0, "percent_statements_covered": 100.0, "percent_statements_covered_display": "100"}, "missing_lines": [], "excluded_lines": [], "start_line": 94}, "is_protected": {"executed_lines": [125, 126, 129], "summary": {"covered_lines": 3, "num_statements": 5, "percent_covered": 60.0, "percent_covered_display": "60", "missing_lines": 2, "excluded_lines": 0, "percent_statements_covered": 60.0, "percent_statements_covered_display": "60"}, "missing_lines": [127, 128], "excluded_lines": [], "start_line": 123}, "register_protected": {"executed_lines": [], "summary": {"covered_lines": 0, "num_statements": 1, "percent_covered": 0.0, "percent_covered_display": "0", "missing_lines": 1, "excluded_lines": 0, "percent_statements_covered": 0.0, "percent_statements_covered_display": "0"}, "missing_lines": [135], "excluded_lines": [], "start_line": 132}, "": {"executed_lines": [12, 13, 14, 15, 17, 20, 22, 27, 56, 64, 79, 94, 123, 132], "summary": {"covered_lines": 14, "num_statements": 14, "percent_covered": 100.0, "percent_covered_display": "100", "missing_lines": 0, "excluded_lines": 0, "percent_statements_covered": 100.0, "percent_statements_covered_display": "100"}, "missing_lines": [], "excluded_lines": [], "start_line": 1}}, "classes": {"": {"executed_lines": [12, 13, 14, 15, 17, 20, 22, 27, 36, 37, 40, 41, 42, 46, 48, 56, 59, 60, 61, 64, 66, 68, 69, 70, 71, 72, 73, 75, 76, 79, 81, 83, 84, 85, 86, 87, 88, 91, 94, 96, 98, 100, 111, 112, 113, 114, 115, 116, 118, 123, 125, 126, 129, 132], "summary": {"covered_lines": 54, "num_statements": 59, "percent_covered": 91.52542372881356, "percent_covered_display": "92", "missing_lines": 5, "excluded_lines": 0, "percent_statements_covered": 91.52542372881356, "percent_statements_covered_display": "92"}, "missing_lines": [89, 90, 127, 128, 135], "excluded_lines": [], "start_line": 1}}}, "src\\llm.py": {"executed_lines": [3, 4, 5, 6, 7, 8, 9, 10, 11, 13, 15, 27, 28, 29, 33, 79, 81, 82, 84, 95, 98, 101, 104, 109, 114, 124, 125, 128, 129, 130, 131, 132, 133, 134, 137, 140, 141, 143, 144, 153, 154, 163, 172, 175, 176, 177, 179, 180, 188, 258, 305, 327, 333, 334, 337, 341, 343, 346, 351, 354, 357, 359, 360, 361, 374, 376, 377, 378, 379, 380, 383, 386, 387, 395, 404, 413, 435, 468, 471, 475, 476, 483, 486, 488, 491, 493, 494, 495, 506, 512, 523, 541, 556, 588, 590, 591, 595, 598, 599, 600, 601, 602, 603, 604, 605, 610, 654, 660, 668, 669, 671, 672, 675, 676, 680, 681, 686, 690, 697, 699, 706, 708, 709, 712, 717, 719, 723, 724, 725, 726, 727, 730, 739, 740, 741, 743, 744, 747, 748, 752, 753, 756, 757, 758, 761, 762, 766, 769, 774, 775, 777, 778, 779, 781, 782, 784, 785, 786, 787, 793, 796, 797, 798, 800, 803, 811, 816, 818, 819, 820, 821, 830, 852, 853, 856, 863, 865, 866, 869, 871, 872, 873, 874, 877, 883, 892, 894, 895, 898, 899, 900, 901, 904, 905, 908, 909, 910, 911, 912, 913, 914, 915, 916, 917, 918, 919, 920, 925, 926, 927, 928, 929, 930, 932, 933, 934], "summary": {"covered_lines": 216, "num_statements": 492, "percent_covered": 43.90243902439025, "percent_covered_display": "44", "missing_lines": 276, "excluded_lines": 4, "percent_statements_covered": 43.90243902439025, "percent_statements_covered_display": "44"}, "missing_lines": [106, 111, 116, 164, 181, 182, 186, 194, 195, 197, 204, 205, 207, 209, 210, 212, 213, 214, 215, 218, 219, 221, 222, 224, 225, 226, 227, 229, 230, 231, 232, 233, 238, 239, 240, 241, 242, 243, 244, 245, 246, 248, 249, 250, 251, 254, 255, 256, 264, 269, 270, 272, 275, 276, 278, 280, 281, 282, 294, 295, 297, 338, 348, 364, 365, 366, 367, 368, 370, 371, 415, 418, 419, 420, 423, 424, 425, 428, 429, 432, 445, 447, 449, 451, 452, 453, 455, 457, 458, 459, 460, 462, 465, 466, 496, 497, 498, 499, 500, 501, 502, 503, 504, 505, 514, 515, 516, 517, 519, 520, 527, 528, 529, 530, 533, 534, 537, 538, 544, 545, 546, 547, 548, 564, 566, 567, 570, 571, 572, 573, 574, 575, 576, 577, 578, 581, 582, 583, 584, 585, 593, 596, 618, 619, 621, 622, 623, 624, 626, 627, 628, 629, 630, 631, 632, 633, 634, 635, 637, 638, 639, 641, 720, 745, 759, 760, 780, 789, 790, 791, 794, 801, 859, 860, 879, 880, 921, 922, 948, 949, 955, 958, 959, 960, 963, 964, 965, 966, 969, 970, 972, 973, 974, 975, 976, 981, 982, 983, 984, 985, 987, 988, 989, 990, 991, 992, 993, 998, 1002, 1004, 1006, 1007, 1008, 1009, 1010, 1011, 1015, 1016, 1022, 1024, 1025, 1026, 1027, 1028, 1029, 1030, 1031, 1033, 1034, 1035, 1036, 1038, 1039, 1040, 1041, 1042, 1043, 1045, 1046, 1049, 1054, 1055, 1056, 1057, 1058, 1059, 1061, 1062, 1063, 1064, 1065, 1070, 1071, 1072, 1073, 1081, 1082, 1083, 1085, 1086, 1087, 1088, 1089, 1090, 1091, 1092, 1093, 1095, 1096, 1100, 1101, 1106, 1108, 1109, 1110, 1111], "excluded_lines": [151, 152, 161, 162], "functions": {"request_interrupt": {"executed_lines": [], "summary": {"covered_lines": 0, "num_statements": 1, "percent_covered": 0.0, "percent_covered_display": "0", "missing_lines": 1, "excluded_lines": 0, "percent_statements_covered": 0.0, "percent_statements_covered_display": "0"}, "missing_lines": [106], "excluded_lines": [], "start_line": 104}, "clear_interrupt": {"executed_lines": [], "summary": {"covered_lines": 0, "num_statements": 1, "percent_covered": 0.0, "percent_covered_display": "0", "missing_lines": 1, "excluded_lines": 0, "percent_statements_covered": 0.0, "percent_statements_covered_display": "0"}, "missing_lines": [111], "excluded_lines": [], "start_line": 109}, "is_interrupt_requested": {"executed_lines": [], "summary": {"covered_lines": 0, "num_statements": 1, "percent_covered": 0.0, "percent_covered_display": "0", "missing_lines": 1, "excluded_lines": 0, "percent_statements_covered": 0.0, "percent_statements_covered_display": "0"}, "missing_lines": [116], "excluded_lines": [], "start_line": 114}, "LLMBackend.__init__": {"executed_lines": [141], "summary": {"covered_lines": 1, "num_statements": 1, "percent_covered": 100.0, "percent_covered_display": "100", "missing_lines": 0, "excluded_lines": 0, "percent_statements_covered": 100.0, "percent_statements_covered_display": "100"}, "missing_lines": [], "excluded_lines": [], "start_line": 140}, "LLMBackend.chat_stream": {"executed_lines": [], "summary": {"covered_lines": 0, "num_statements": 0, "percent_covered": 100.0, "percent_covered_display": "100", "missing_lines": 0, "excluded_lines": 1, "percent_statements_covered": 100.0, "percent_statements_covered_display": "100"}, "missing_lines": [], "excluded_lines": [151], "start_line": 144}, "LLMBackend.chat_non_stream": {"executed_lines": [], "summary": {"covered_lines": 0, "num_statements": 0, "percent_covered": 100.0, "percent_covered_display": "100", "missing_lines": 0, "excluded_lines": 1, "percent_statements_covered": 100.0, "percent_statements_covered_display": "100"}, "missing_lines": [], "excluded_lines": [161], "start_line": 154}, "LLMBackend.get_model_info": {"executed_lines": [], "summary": {"covered_lines": 0, "num_statements": 1, "percent_covered": 0.0, "percent_covered_display": "0", "missing_lines": 1, "excluded_lines": 0, "percent_statements_covered": 0.0, "percent_statements_covered_display": "0"}, "missing_lines": [164], "excluded_lines": [], "start_line": 163}, "DeepSeekBackend.__init__": {"executed_lines": [176, 177], "summary": {"covered_lines": 2, "num_statements": 2, "percent_covered": 100.0, "percent_covered_display": "100", "missing_lines": 0, "excluded_lines": 0, "percent_statements_covered": 100.0, "percent_statements_covered_display": "100"}, "missing_lines": [], "excluded_lines": [], "start_line": 175}, "DeepSeekBackend.client": {"executed_lines": [], "summary": {"covered_lines": 0, "num_statements": 3, "percent_covered": 0.0, "percent_covered_display": "0", "missing_lines": 3, "excluded_lines": 0, "percent_statements_covered": 0.0, "percent_statements_covered_display": "0"}, "missing_lines": [181, 182, 186], "excluded_lines": [], "start_line": 180}, "DeepSeekBackend.chat_stream": {"executed_lines": [], "summary": {"covered_lines": 0, "num_statements": 41, "percent_covered": 0.0, "percent_covered_display": "0", "missing_lines": 41, "excluded_lines": 0, "percent_statements_covered": 0.0, "percent_statements_covered_display": "0"}, "missing_lines": [194, 195, 197, 204, 205, 207, 209, 210, 212, 213, 214, 215, 218, 219, 221, 222, 224, 225, 226, 227, 229, 230, 231, 232, 233, 238, 239, 240, 241, 242, 243, 244, 245, 246, 248, 249, 250, 251, 254, 255, 256], "excluded_lines": [], "start_line": 188}, "DeepSeekBackend.chat_non_stream": {"executed_lines": [], "summary": {"covered_lines": 0, "num_statements": 13, "percent_covered": 0.0, "percent_covered_display": "0", "missing_lines": 13, "excluded_lines": 0, "percent_statements_covered": 0.0, "percent_statements_covered_display": "0"}, "missing_lines": [264, 269, 270, 272, 275, 276, 278, 280, 281, 282, 294, 295, 297], "excluded_lines": [], "start_line": 258}, "get_current_backend": {"executed_lines": [], "summary": {"covered_lines": 0, "num_statements": 1, "percent_covered": 0.0, "percent_covered_display": "0", "missing_lines": 1, "excluded_lines": 0, "percent_statements_covered": 0.0, "percent_statements_covered_display": "0"}, "missing_lines": [338], "excluded_lines": [], "start_line": 337}, "get_current_model_name": {"executed_lines": [343], "summary": {"covered_lines": 1, "num_statements": 1, "percent_covered": 100.0, "percent_covered_display": "100", "missing_lines": 0, "excluded_lines": 0, "percent_statements_covered": 100.0, "percent_statements_covered_display": "100"}, "missing_lines": [], "excluded_lines": [], "start_line": 341}, "get_current_model_id": {"executed_lines": [], "summary": {"covered_lines": 0, "num_statements": 1, "percent_covered": 0.0, "percent_covered_display": "0", "missing_lines": 1, "excluded_lines": 0, "percent_statements_covered": 0.0, "percent_statements_covered_display": "0"}, "missing_lines": [348], "excluded_lines": [], "start_line": 346}, "switch_model": {"executed_lines": [354, 357, 359, 360, 361], "summary": {"covered_lines": 5, "num_statements": 12, "percent_covered": 41.666666666666664, "percent_covered_display": "42", "missing_lines": 7, "excluded_lines": 0, "percent_statements_covered": 41.666666666666664, "percent_statements_covered_display": "42"}, "missing_lines": [364, 365, 366, 367, 368, 370, 371], "excluded_lines": [], "start_line": 351}, "list_models": {"executed_lines": [376, 377, 378, 379, 380, 383, 386, 387], "summary": {"covered_lines": 8, "num_statements": 8, "percent_covered": 100.0, "percent_covered_display": "100", "missing_lines": 0, "excluded_lines": 0, "percent_statements_covered": 100.0, "percent_statements_covered_display": "100"}, "missing_lines": [], "excluded_lines": [], "start_line": 374}, "_estimate_task_complexity": {"executed_lines": [], "summary": {"covered_lines": 0, "num_statements": 10, "percent_covered": 0.0, "percent_covered_display": "0", "missing_lines": 10, "excluded_lines": 0, "percent_statements_covered": 0.0, "percent_statements_covered_display": "0"}, "missing_lines": [415, 418, 419, 420, 423, 424, 425, 428, 429, 432], "excluded_lines": [], "start_line": 413}, "auto_select_model": {"executed_lines": [], "summary": {"covered_lines": 0, "num_statements": 14, "percent_covered": 0.0, "percent_covered_display": "0", "missing_lines": 14, "excluded_lines": 0, "percent_statements_covered": 0.0, "percent_statements_covered_display": "0"}, "missing_lines": [445, 447, 449, 451, 452, 453, 455, 457, 458, 459, 460, 462, 465, 466], "excluded_lines": [], "start_line": 435}, "_stats_path": {"executed_lines": [488], "summary": {"covered_lines": 1, "num_statements": 1, "percent_covered": 100.0, "percent_covered_display": "100", "missing_lines": 0, "excluded_lines": 0, "percent_statements_covered": 100.0, "percent_statements_covered_display": "100"}, "missing_lines": [], "excluded_lines": [], "start_line": 486}, "_load_cache_stats": {"executed_lines": [493, 494, 495, 506], "summary": {"covered_lines": 4, "num_statements": 14, "percent_covered": 28.571428571428573, "percent_covered_display": "29", "missing_lines": 10, "excluded_lines": 0, "percent_statements_covered": 28.571428571428573, "percent_statements_covered_display": "29"}, "missing_lines": [496, 497, 498, 499, 500, 501, 502, 503, 504, 505], "excluded_lines": [], "start_line": 491}, "_save_cache_stats": {"executed_lines": [], "summary": {"covered_lines": 0, "num_statements": 6, "percent_covered": 0.0, "percent_covered_display": "0", "missing_lines": 6, "excluded_lines": 0, "percent_statements_covered": 0.0, "percent_statements_covered_display": "0"}, "missing_lines": [514, 515, 516, 517, 519, 520], "excluded_lines": [], "start_line": 512}, "_ensure_session": {"executed_lines": [], "summary": {"covered_lines": 0, "num_statements": 8, "percent_covered": 0.0, "percent_covered_display": "0", "missing_lines": 8, "excluded_lines": 0, "percent_statements_covered": 0.0, "percent_statements_covered_display": "0"}, "missing_lines": [527, 528, 529, 530, 533, 534, 537, 538], "excluded_lines": [], "start_line": 523}, "_set_api_usage": {"executed_lines": [], "summary": {"covered_lines": 0, "num_statements": 5, "percent_covered": 0.0, "percent_covered_display": "0", "missing_lines": 5, "excluded_lines": 0, "percent_statements_covered": 0.0, "percent_statements_covered_display": "0"}, "missing_lines": [544, 545, 546, 547, 548], "excluded_lines": [], "start_line": 541}, "_update_cache_stats": {"executed_lines": [], "summary": {"covered_lines": 0, "num_statements": 17, "percent_covered": 0.0, "percent_covered_display": "0", "missing_lines": 17, "excluded_lines": 0, "percent_statements_covered": 0.0, "percent_statements_covered_display": "0"}, "missing_lines": [564, 566, 567, 570, 571, 572, 573, 574, 575, 576, 577, 578, 581, 582, 583, 584, 585], "excluded_lines": [], "start_line": 556}, "get_cache_stats": {"executed_lines": [590, 591, 595, 598, 599, 600, 601, 602, 603, 604, 605], "summary": {"covered_lines": 11, "num_statements": 13, "percent_covered": 84.61538461538461, "percent_covered_display": "85", "missing_lines": 2, "excluded_lines": 0, "percent_statements_covered": 84.61538461538461, "percent_statements_covered_display": "85"}, "missing_lines": [593, 596], "excluded_lines": [], "start_line": 588}, "_invoke_llm": {"executed_lines": [], "summary": {"covered_lines": 0, "num_statements": 20, "percent_covered": 0.0, "percent_covered_display": "0", "missing_lines": 20, "excluded_lines": 0, "percent_statements_covered": 0.0, "percent_statements_covered_display": "0"}, "missing_lines": [618, 619, 621, 622, 623, 624, 626, 627, 628, 629, 630, 631, 632, 633, 634, 635, 637, 638, 639, 641], "excluded_lines": [], "start_line": 610}, "_compress_tool_result": {"executed_lines": [668, 669, 671, 672, 675, 676, 680, 681, 686, 690], "summary": {"covered_lines": 10, "num_statements": 10, "percent_covered": 100.0, "percent_covered_display": "100", "missing_lines": 0, "excluded_lines": 0, "percent_statements_covered": 100.0, "percent_statements_covered_display": "100"}, "missing_lines": [], "excluded_lines": [], "start_line": 660}, "_is_topic_switch": {"executed_lines": [708, 709], "summary": {"covered_lines": 2, "num_statements": 2, "percent_covered": 100.0, "percent_covered_display": "100", "missing_lines": 0, "excluded_lines": 0, "percent_statements_covered": 100.0, "percent_statements_covered_display": "100"}, "missing_lines": [], "excluded_lines": [], "start_line": 706}, "_compact_context": {"executed_lines": [717, 719, 723, 724, 725, 726, 727], "summary": {"covered_lines": 7, "num_statements": 8, "percent_covered": 87.5, "percent_covered_display": "88", "missing_lines": 1, "excluded_lines": 0, "percent_statements_covered": 87.5, "percent_statements_covered_display": "88"}, "missing_lines": [720], "excluded_lines": [], "start_line": 712}, "_compact_cache_context": {"executed_lines": [739, 740, 741, 743, 744, 747, 748, 752, 753, 756, 757, 758, 761, 762, 766], "summary": {"covered_lines": 15, "num_statements": 18, "percent_covered": 83.33333333333333, "percent_covered_display": "83", "missing_lines": 3, "excluded_lines": 0, "percent_statements_covered": 83.33333333333333, "percent_statements_covered_display": "83"}, "missing_lines": [745, 759, 760], "excluded_lines": [], "start_line": 730}, "_make_brief_summary": {"executed_lines": [774, 775, 777, 778, 779, 781, 782, 784, 785, 786, 787, 793, 796, 797, 798, 800, 803], "summary": {"covered_lines": 17, "num_statements": 23, "percent_covered": 73.91304347826087, "percent_covered_display": "74", "missing_lines": 6, "excluded_lines": 0, "percent_statements_covered": 73.91304347826087, "percent_statements_covered_display": "74"}, "missing_lines": [780, 789, 790, 791, 794, 801], "excluded_lines": [], "start_line": 769}, "_build_api_messages": {"executed_lines": [816, 818, 819, 820, 821], "summary": {"covered_lines": 5, "num_statements": 5, "percent_covered": 100.0, "percent_covered_display": "100", "missing_lines": 0, "excluded_lines": 0, "percent_statements_covered": 100.0, "percent_statements_covered_display": "100"}, "missing_lines": [], "excluded_lines": [], "start_line": 811}, "reset_safe_stats": {"executed_lines": [], "summary": {"covered_lines": 0, "num_statements": 2, "percent_covered": 0.0, "percent_covered_display": "0", "missing_lines": 2, "excluded_lines": 0, "percent_statements_covered": 0.0, "percent_statements_covered_display": "0"}, "missing_lines": [859, 860], "excluded_lines": [], "start_line": 856}, "get_safe_stats": {"executed_lines": [865, 866], "summary": {"covered_lines": 2, "num_statements": 2, "percent_covered": 100.0, "percent_covered_display": "100", "missing_lines": 0, "excluded_lines": 0, "percent_statements_covered": 100.0, "percent_statements_covered_display": "100"}, "missing_lines": [], "excluded_lines": [], "start_line": 863}, "_update_safe_stats": {"executed_lines": [871, 872, 873, 874], "summary": {"covered_lines": 4, "num_statements": 4, "percent_covered": 100.0, "percent_covered_display": "100", "missing_lines": 0, "excluded_lines": 0, "percent_statements_covered": 100.0, "percent_statements_covered_display": "100"}, "missing_lines": [], "excluded_lines": [], "start_line": 869}, "_compute_prefix_hash": {"executed_lines": [], "summary": {"covered_lines": 0, "num_statements": 2, "percent_covered": 0.0, "percent_covered_display": "0", "missing_lines": 2, "excluded_lines": 0, "percent_statements_covered": 0.0, "percent_statements_covered_display": "0"}, "missing_lines": [879, 880], "excluded_lines": [], "start_line": 877}, "_execute_tool_batch": {"executed_lines": [892, 894, 895, 898, 899, 900, 901, 904, 905, 908, 909, 910, 911, 912, 913, 914, 915, 916, 917, 918, 919, 920, 925, 926, 927, 928, 929, 930, 932, 933], "summary": {"covered_lines": 30, "num_statements": 32, "percent_covered": 93.75, "percent_covered_display": "94", "missing_lines": 2, "excluded_lines": 0, "percent_statements_covered": 93.75, "percent_statements_covered_display": "94"}, "missing_lines": [921, 922], "excluded_lines": [], "start_line": 883}, "run_conversation": {"executed_lines": [], "summary": {"covered_lines": 0, "num_statements": 98, "percent_covered": 0.0, "percent_covered_display": "0", "missing_lines": 98, "excluded_lines": 0, "percent_statements_covered": 0.0, "percent_statements_covered_display": "0"}, "missing_lines": [948, 949, 955, 958, 959, 960, 963, 964, 965, 966, 969, 970, 972, 973, 974, 975, 976, 981, 982, 983, 984, 985, 987, 988, 989, 990, 991, 992, 993, 998, 1002, 1004, 1006, 1007, 1008, 1009, 1010, 1011, 1015, 1016, 1022, 1024, 1025, 1026, 1027, 1028, 1029, 1030, 1031, 1033, 1034, 1035, 1036, 1038, 1039, 1040, 1041, 1042, 1043, 1045, 1046, 1049, 1054, 1055, 1056, 1057, 1058, 1059, 1061, 1062, 1063, 1064, 1065, 1070, 1071, 1072, 1073, 1081, 1082, 1083, 1085, 1086, 1087, 1088, 1089, 1090, 1091, 1092, 1093, 1095, 1096, 1100, 1101, 1106, 1108, 1109, 1110, 1111], "excluded_lines": [], "start_line": 934}, "": {"executed_lines": [3, 4, 5, 6, 7, 8, 9, 10, 11, 13, 15, 27, 28, 29, 33, 79, 81, 82, 84, 95, 98, 101, 104, 109, 114, 124, 125, 128, 129, 130, 131, 132, 133, 134, 137, 140, 143, 144, 153, 154, 163, 172, 175, 179, 180, 188, 258, 305, 327, 333, 334, 337, 341, 346, 351, 374, 395, 404, 413, 435, 468, 471, 475, 476, 483, 486, 491, 512, 523, 541, 556, 588, 610, 654, 660, 697, 699, 706, 712, 730, 769, 811, 830, 852, 853, 856, 863, 869, 877, 883, 934], "summary": {"covered_lines": 91, "num_statements": 91, "percent_covered": 100.0, "percent_covered_display": "100", "missing_lines": 0, "excluded_lines": 2, "percent_statements_covered": 100.0, "percent_statements_covered_display": "100"}, "missing_lines": [], "excluded_lines": [152, 162], "start_line": 1}}, "classes": {"UserInterrupt": {"executed_lines": [], "summary": {"covered_lines": 0, "num_statements": 0, "percent_covered": 100.0, "percent_covered_display": "100", "missing_lines": 0, "excluded_lines": 0, "percent_statements_covered": 100.0, "percent_statements_covered_display": "100"}, "missing_lines": [], "excluded_lines": [], "start_line": 95}, "ModelInfo": {"executed_lines": [], "summary": {"covered_lines": 0, "num_statements": 0, "percent_covered": 100.0, "percent_covered_display": "100", "missing_lines": 0, "excluded_lines": 0, "percent_statements_covered": 100.0, "percent_statements_covered_display": "100"}, "missing_lines": [], "excluded_lines": [], "start_line": 125}, "LLMBackend": {"executed_lines": [141], "summary": {"covered_lines": 1, "num_statements": 2, "percent_covered": 50.0, "percent_covered_display": "50", "missing_lines": 1, "excluded_lines": 2, "percent_statements_covered": 50.0, "percent_statements_covered_display": "50"}, "missing_lines": [164], "excluded_lines": [151, 161], "start_line": 137}, "DeepSeekBackend": {"executed_lines": [176, 177], "summary": {"covered_lines": 2, "num_statements": 59, "percent_covered": 3.389830508474576, "percent_covered_display": "3", "missing_lines": 57, "excluded_lines": 0, "percent_statements_covered": 3.389830508474576, "percent_statements_covered_display": "3"}, "missing_lines": [181, 182, 186, 194, 195, 197, 204, 205, 207, 209, 210, 212, 213, 214, 215, 218, 219, 221, 222, 224, 225, 226, 227, 229, 230, 231, 232, 233, 238, 239, 240, 241, 242, 243, 244, 245, 246, 248, 249, 250, 251, 254, 255, 256, 264, 269, 270, 272, 275, 276, 278, 280, 281, 282, 294, 295, 297], "excluded_lines": [], "start_line": 172}, "": {"executed_lines": [3, 4, 5, 6, 7, 8, 9, 10, 11, 13, 15, 27, 28, 29, 33, 79, 81, 82, 84, 95, 98, 101, 104, 109, 114, 124, 125, 128, 129, 130, 131, 132, 133, 134, 137, 140, 143, 144, 153, 154, 163, 172, 175, 179, 180, 188, 258, 305, 327, 333, 334, 337, 341, 343, 346, 351, 354, 357, 359, 360, 361, 374, 376, 377, 378, 379, 380, 383, 386, 387, 395, 404, 413, 435, 468, 471, 475, 476, 483, 486, 488, 491, 493, 494, 495, 506, 512, 523, 541, 556, 588, 590, 591, 595, 598, 599, 600, 601, 602, 603, 604, 605, 610, 654, 660, 668, 669, 671, 672, 675, 676, 680, 681, 686, 690, 697, 699, 706, 708, 709, 712, 717, 719, 723, 724, 725, 726, 727, 730, 739, 740, 741, 743, 744, 747, 748, 752, 753, 756, 757, 758, 761, 762, 766, 769, 774, 775, 777, 778, 779, 781, 782, 784, 785, 786, 787, 793, 796, 797, 798, 800, 803, 811, 816, 818, 819, 820, 821, 830, 852, 853, 856, 863, 865, 866, 869, 871, 872, 873, 874, 877, 883, 892, 894, 895, 898, 899, 900, 901, 904, 905, 908, 909, 910, 911, 912, 913, 914, 915, 916, 917, 918, 919, 920, 925, 926, 927, 928, 929, 930, 932, 933, 934], "summary": {"covered_lines": 213, "num_statements": 431, "percent_covered": 49.419953596287705, "percent_covered_display": "49", "missing_lines": 218, "excluded_lines": 2, "percent_statements_covered": 49.419953596287705, "percent_statements_covered_display": "49"}, "missing_lines": [106, 111, 116, 338, 348, 364, 365, 366, 367, 368, 370, 371, 415, 418, 419, 420, 423, 424, 425, 428, 429, 432, 445, 447, 449, 451, 452, 453, 455, 457, 458, 459, 460, 462, 465, 466, 496, 497, 498, 499, 500, 501, 502, 503, 504, 505, 514, 515, 516, 517, 519, 520, 527, 528, 529, 530, 533, 534, 537, 538, 544, 545, 546, 547, 548, 564, 566, 567, 570, 571, 572, 573, 574, 575, 576, 577, 578, 581, 582, 583, 584, 585, 593, 596, 618, 619, 621, 622, 623, 624, 626, 627, 628, 629, 630, 631, 632, 633, 634, 635, 637, 638, 639, 641, 720, 745, 759, 760, 780, 789, 790, 791, 794, 801, 859, 860, 879, 880, 921, 922, 948, 949, 955, 958, 959, 960, 963, 964, 965, 966, 969, 970, 972, 973, 974, 975, 976, 981, 982, 983, 984, 985, 987, 988, 989, 990, 991, 992, 993, 998, 1002, 1004, 1006, 1007, 1008, 1009, 1010, 1011, 1015, 1016, 1022, 1024, 1025, 1026, 1027, 1028, 1029, 1030, 1031, 1033, 1034, 1035, 1036, 1038, 1039, 1040, 1041, 1042, 1043, 1045, 1046, 1049, 1054, 1055, 1056, 1057, 1058, 1059, 1061, 1062, 1063, 1064, 1065, 1070, 1071, 1072, 1073, 1081, 1082, 1083, 1085, 1086, 1087, 1088, 1089, 1090, 1091, 1092, 1093, 1095, 1096, 1100, 1101, 1106, 1108, 1109, 1110, 1111], "excluded_lines": [152, 162], "start_line": 1}}}, "src\\main.py": {"executed_lines": [], "summary": {"covered_lines": 0, "num_statements": 361, "percent_covered": 0.0, "percent_covered_display": "0", "missing_lines": 361, "excluded_lines": 0, "percent_statements_covered": 0.0, "percent_statements_covered_display": "0"}, "missing_lines": [1, 2, 3, 4, 5, 6, 7, 8, 10, 16, 17, 18, 19, 20, 26, 29, 33, 35, 36, 38, 39, 40, 41, 42, 43, 44, 45, 47, 48, 51, 54, 57, 59, 60, 61, 62, 63, 66, 68, 69, 70, 71, 72, 78, 81, 88, 89, 90, 92, 93, 100, 110, 111, 112, 115, 116, 119, 120, 121, 122, 123, 125, 126, 127, 128, 129, 130, 132, 134, 135, 136, 137, 140, 141, 142, 143, 144, 145, 146, 151, 152, 153, 154, 155, 156, 157, 158, 159, 160, 161, 162, 165, 167, 168, 169, 170, 171, 172, 173, 174, 175, 176, 177, 178, 181, 183, 185, 187, 188, 189, 190, 192, 193, 195, 198, 199, 200, 201, 202, 203, 210, 215, 216, 219, 221, 223, 224, 225, 226, 227, 228, 229, 230, 231, 232, 233, 234, 235, 237, 238, 240, 241, 242, 243, 244, 245, 246, 249, 255, 257, 260, 264, 267, 268, 269, 270, 271, 272, 273, 274, 275, 276, 279, 280, 281, 282, 283, 284, 286, 289, 291, 292, 293, 294, 295, 296, 297, 298, 299, 300, 301, 302, 303, 304, 310, 311, 312, 313, 314, 315, 320, 321, 322, 323, 324, 326, 327, 328, 329, 330, 331, 332, 333, 334, 335, 336, 337, 338, 339, 340, 341, 342, 345, 346, 347, 348, 349, 350, 351, 352, 354, 356, 359, 360, 361, 362, 363, 364, 365, 367, 368, 369, 370, 372, 374, 375, 377, 378, 379, 382, 384, 385, 386, 387, 388, 389, 391, 392, 394, 396, 397, 398, 400, 404, 406, 407, 408, 409, 410, 411, 412, 413, 414, 415, 416, 417, 418, 419, 420, 421, 422, 424, 425, 426, 427, 428, 429, 434, 435, 440, 441, 442, 443, 444, 445, 446, 447, 448, 450, 451, 452, 453, 454, 456, 457, 458, 459, 460, 461, 462, 463, 469, 470, 471, 472, 473, 474, 476, 478, 479, 480, 481, 486, 487, 488, 489, 490, 496, 497, 498, 499, 500, 501, 503, 504, 505, 506, 507, 508, 509, 510, 511, 512, 513, 514, 515, 521, 522, 523, 524, 525, 528, 529, 532, 533, 534, 535, 536, 537, 538, 541, 542, 543, 544, 547, 548, 549, 550, 551, 554, 555], "excluded_lines": [], "functions": {"_start_esc_listener": {"executed_lines": [], "summary": {"covered_lines": 0, "num_statements": 6, "percent_covered": 0.0, "percent_covered_display": "0", "missing_lines": 6, "excluded_lines": 0, "percent_statements_covered": 0.0, "percent_statements_covered_display": "0"}, "missing_lines": [33, 35, 36, 38, 47, 48], "excluded_lines": [], "start_line": 29}, "_start_esc_listener._listen": {"executed_lines": [], "summary": {"covered_lines": 0, "num_statements": 7, "percent_covered": 0.0, "percent_covered_display": "0", "missing_lines": 7, "excluded_lines": 0, "percent_statements_covered": 0.0, "percent_statements_covered_display": "0"}, "missing_lines": [39, 40, 41, 42, 43, 44, 45], "excluded_lines": [], "start_line": 38}, "_stop_esc_listener": {"executed_lines": [], "summary": {"covered_lines": 0, "num_statements": 1, "percent_covered": 0.0, "percent_covered_display": "0", "missing_lines": 1, "excluded_lines": 0, "percent_statements_covered": 0.0, "percent_statements_covered_display": "0"}, "missing_lines": [54], "excluded_lines": [], "start_line": 51}, "_make_memory_context": {"executed_lines": [], "summary": {"covered_lines": 0, "num_statements": 5, "percent_covered": 0.0, "percent_covered_display": "0", "missing_lines": 5, "excluded_lines": 0, "percent_statements_covered": 0.0, "percent_statements_covered_display": "0"}, "missing_lines": [59, 60, 61, 62, 63], "excluded_lines": [], "start_line": 57}, "_make_project_context": {"executed_lines": [], "summary": {"covered_lines": 0, "num_statements": 5, "percent_covered": 0.0, "percent_covered_display": "0", "missing_lines": 5, "excluded_lines": 0, "percent_statements_covered": 0.0, "percent_statements_covered_display": "0"}, "missing_lines": [68, 69, 70, 71, 72], "excluded_lines": [], "start_line": 66}, "_make_agents_message": {"executed_lines": [], "summary": {"covered_lines": 0, "num_statements": 5, "percent_covered": 0.0, "percent_covered_display": "0", "missing_lines": 5, "excluded_lines": 0, "percent_statements_covered": 0.0, "percent_statements_covered_display": "0"}, "missing_lines": [88, 89, 90, 92, 93], "excluded_lines": [], "start_line": 81}, "_append_volatile_context": {"executed_lines": [], "summary": {"covered_lines": 0, "num_statements": 28, "percent_covered": 0.0, "percent_covered_display": "0", "missing_lines": 28, "excluded_lines": 0, "percent_statements_covered": 0.0, "percent_statements_covered_display": "0"}, "missing_lines": [110, 111, 112, 115, 116, 119, 120, 121, 122, 123, 125, 126, 127, 128, 129, 130, 132, 134, 135, 136, 137, 140, 141, 142, 143, 144, 145, 146], "excluded_lines": [], "start_line": 100}, "_print_sessions": {"executed_lines": [], "summary": {"covered_lines": 0, "num_statements": 11, "percent_covered": 0.0, "percent_covered_display": "0", "missing_lines": 11, "excluded_lines": 0, "percent_statements_covered": 0.0, "percent_statements_covered_display": "0"}, "missing_lines": [152, 153, 154, 155, 156, 157, 158, 159, 160, 161, 162], "excluded_lines": [], "start_line": 151}, "_print_recent": {"executed_lines": [], "summary": {"covered_lines": 0, "num_statements": 12, "percent_covered": 0.0, "percent_covered_display": "0", "missing_lines": 12, "excluded_lines": 0, "percent_statements_covered": 0.0, "percent_statements_covered_display": "0"}, "missing_lines": [167, 168, 169, 170, 171, 172, 173, 174, 175, 176, 177, 178], "excluded_lines": [], "start_line": 165}, "_make_display": {"executed_lines": [], "summary": {"covered_lines": 0, "num_statements": 4, "percent_covered": 0.0, "percent_covered_display": "0", "missing_lines": 4, "excluded_lines": 0, "percent_statements_covered": 0.0, "percent_statements_covered_display": "0"}, "missing_lines": [183, 185, 192, 195], "excluded_lines": [], "start_line": 181}, "_make_display.on_token": {"executed_lines": [], "summary": {"covered_lines": 0, "num_statements": 4, "percent_covered": 0.0, "percent_covered_display": "0", "missing_lines": 4, "excluded_lines": 0, "percent_statements_covered": 0.0, "percent_statements_covered_display": "0"}, "missing_lines": [187, 188, 189, 190], "excluded_lines": [], "start_line": 185}, "_make_display.has_output": {"executed_lines": [], "summary": {"covered_lines": 0, "num_statements": 1, "percent_covered": 0.0, "percent_covered_display": "0", "missing_lines": 1, "excluded_lines": 0, "percent_statements_covered": 0.0, "percent_statements_covered_display":
[...]
": 0.0, "percent_statements_covered_display": "0"}, "missing_lines": [87, 88, 89, 90, 91, 92, 93, 94, 96, 97, 98, 100, 101, 102, 103, 104, 105, 106, 108, 109, 110, 111, 112, 113, 114, 115], "excluded_lines": [], "start_line": 85}, "_load_all": {"executed_lines": [], "summary": {"covered_lines": 0, "num_statements": 15, "percent_covered": 0.0, "percent_covered_display": "0", "missing_lines": 15, "excluded_lines": 0, "percent_statements_covered": 0.0, "percent_statements_covered_display": "0"}, "missing_lines": [120, 121, 122, 123, 124, 125, 126, 127, 128, 129, 130, 131, 132, 133, 134], "excluded_lines": [], "start_line": 118}, "get_recent": {"executed_lines": [], "summary": {"covered_lines": 0, "num_statements": 1, "percent_covered": 0.0, "percent_covered_display": "0", "missing_lines": 1, "excluded_lines": 0, "percent_statements_covered": 0.0, "percent_statements_covered_display": "0"}, "missing_lines": [139], "excluded_lines": [], "start_line": 137}, "get_stats": {"executed_lines": [], "summary": {"covered_lines": 0, "num_statements": 46, "percent_covered": 0.0, "percent_covered_display": "0", "missing_lines": 46, "excluded_lines": 0, "percent_statements_covered": 0.0, "percent_statements_covered_display": "0"}, "missing_lines": [144, 145, 146, 148, 149, 150, 152, 153, 154, 155, 156, 158, 159, 160, 161, 162, 163, 164, 165, 166, 167, 168, 169, 170, 173, 174, 175, 176, 179, 180, 181, 182, 183, 190, 191, 192, 193, 194, 197, 204, 207, 208, 209, 210, 212, 214], "excluded_lines": [], "start_line": 142}, "clear_stats": {"executed_lines": [], "summary": {"covered_lines": 0, "num_statements": 6, "percent_covered": 0.0, "percent_covered_display": "0", "missing_lines": 6, "excluded_lines": 0, "percent_statements_covered": 0.0, "percent_statements_covered_display": "0"}, "missing_lines": [228, 229, 230, 231, 232, 233], "excluded_lines": [], "start_line": 225}, "_trim_if_needed": {"executed_lines": [], "summary": {"covered_lines": 0, "num_statements": 11, "percent_covered": 0.0, "percent_covered_display": "0", "missing_lines": 11, "excluded_lines": 0, "percent_statements_covered": 0.0, "percent_statements_covered_display": "0"}, "missing_lines": [238, 239, 240, 241, 242, 243, 244, 245, 246, 247, 248], "excluded_lines": [], "start_line": 236}, "": {"executed_lines": [], "summary": {"covered_lines": 0, "num_statements": 26, "percent_covered": 0.0, "percent_covered_display": "0", "missing_lines": 26, "excluded_lines": 0, "percent_statements_covered": 0.0, "percent_statements_covered_display": "0"}, "missing_lines": [7, 8, 9, 10, 11, 12, 15, 16, 17, 18, 19, 22, 28, 29, 30, 31, 32, 35, 47, 50, 85, 118, 137, 142, 225, 236], "excluded_lines": [], "start_line": 1}}, "classes": {"": {"executed_lines": [], "summary": {"covered_lines": 0, "num_statements": 157, "percent_covered": 0.0, "percent_covered_display": "0", "missing_lines": 157, "excluded_lines": 0, "percent_statements_covered": 0.0, "percent_statements_covered_display": "0"}, "missing_lines": [7, 8, 9, 10, 11, 12, 15, 16, 17, 18, 19, 22, 28, 29, 30, 31, 32, 35, 36, 37, 38, 39, 40, 41, 42, 43, 47, 50, 54, 55, 56, 57, 58, 59, 60, 61, 62, 63, 73, 74, 75, 76, 77, 78, 79, 80, 85, 87, 88, 89, 90, 91, 92, 93, 94, 96, 97, 98, 100, 101, 102, 103, 104, 105, 106, 108, 109, 110, 111, 112, 113, 114, 115, 118, 120, 121, 122, 123, 124, 125, 126, 127, 128, 129, 130, 131, 132, 133, 134, 137, 139, 142, 144, 145, 146, 148, 149, 150, 152, 153, 154, 155, 156, 158, 159, 160, 161, 162, 163, 164, 165, 166, 167, 168, 169, 170, 173, 174, 175, 176, 179, 180, 181, 182, 183, 190, 191, 192, 193, 194, 197, 204, 207, 208, 209, 210, 212, 214, 225, 228, 229, 230, 231, 232, 233, 236, 238, 239, 240, 241, 242, 243, 244, 245, 246, 247, 248], "excluded_lines": [], "start_line": 1}}}, "src\\tools\\web.py": {"executed_lines": [3, 4, 5, 6, 7, 8, 10, 12, 14, 17, 18, 19, 20, 21, 22, 23, 24, 26, 27, 28, 31, 33, 36, 39, 40, 41, 42, 43, 44, 47, 50, 51, 52, 54, 55, 56, 57, 58, 59, 62, 65, 66, 67, 68, 69, 70, 71, 72, 73, 76, 78, 86, 127, 129, 130, 131, 133, 134, 135, 136, 137, 138, 139, 140, 144, 145, 146, 147, 148, 149, 152, 154, 155, 156, 158, 159, 160, 161, 164, 215, 217, 218, 219, 220, 234, 242, 243, 244, 245, 248, 249, 250, 252, 253, 262, 263, 264, 267, 268, 270, 273, 275, 276, 278, 281, 282, 283, 292, 295, 296, 299, 300, 304, 305, 311, 316, 317, 319, 321], "summary": {"covered_lines": 119, "num_statements": 156, "percent_covered": 76.28205128205128, "percent_covered_display": "76", "missing_lines": 37, "excluded_lines": 0, "percent_statements_covered": 76.28205128205128, "percent_statements_covered_display": "76"}, "missing_lines": [141, 142, 172, 184, 185, 186, 187, 189, 193, 199, 200, 201, 202, 203, 204, 205, 206, 207, 208, 209, 210, 211, 212, 221, 222, 223, 224, 225, 226, 227, 228, 229, 230, 231, 301, 318, 320], "excluded_lines": [], "functions": {"_cache_key": {"executed_lines": [33], "summary": {"covered_lines": 1, "num_statements": 1, "percent_covered": 100.0, "percent_covered_display": "100", "missing_lines": 0, "excluded_lines": 0, "percent_statements_covered": 100.0, "percent_statements_covered_display": "100"}, "missing_lines": [], "excluded_lines": [], "start_line": 31}, "_cache_get": {"executed_lines": [39, 40, 41, 42, 43, 44], "summary": {"covered_lines": 6, "num_statements": 6, "percent_covered": 100.0, "percent_covered_display": "100", "missing_lines": 0, "excluded_lines": 0, "percent_statements_covered": 100.0, "percent_statements_covered_display": "100"}, "missing_lines": [], "excluded_lines": [], "start_line": 36}, "_cache_set": {"executed_lines": [50, 51, 52, 54, 55, 56, 57, 58, 59], "summary": {"covered_lines": 9, "num_statements": 9, "percent_covered": 100.0, "percent_covered_display": "100", "missing_lines": 0, "excluded_lines": 0, "percent_statements_covered": 100.0, "percent_statements_covered_display": "100"}, "missing_lines": [], "excluded_lines": [], "start_line": 47}, "_cache_get_any": {"executed_lines": [65, 66, 67, 68, 69, 70, 71, 72, 73], "summary": {"covered_lines": 9, "num_statements": 9, "percent_covered": 100.0, "percent_covered_display": "100", "missing_lines": 0, "excluded_lines": 0, "percent_statements_covered": 100.0, "percent_statements_covered_display": "100"}, "missing_lines": [], "excluded_lines": [], "start_line": 62}, "get_web_cache_stats": {"executed_lines": [78], "summary": {"covered_lines": 1, "num_statements": 1, "percent_covered": 100.0, "percent_covered_display": "100", "missing_lines": 0, "excluded_lines": 0, "percent_statements_covered": 100.0, "percent_statements_covered_display": "100"}, "missing_lines": [], "excluded_lines": [], "start_line": 76}, "format_search_results": {"executed_lines": [129, 130, 131, 133, 134, 135, 136, 137, 138, 139, 140, 144, 145, 146, 147, 148, 149], "summary": {"covered_lines": 17, "num_statements": 19, "percent_covered": 89.47368421052632, "percent_covered_display": "89", "missing_lines": 2, "excluded_lines": 0, "percent_statements_covered": 89.47368421052632, "percent_statements_covered_display": "89"}, "missing_lines": [141, 142], "excluded_lines": [], "start_line": 127}, "search_web": {"executed_lines": [154, 155, 156, 158, 159, 160, 161], "summary": {"covered_lines": 7, "num_statements": 7, "percent_covered": 100.0, "percent_covered_display": "100", "missing_lines": 0, "excluded_lines": 0, "percent_statements_covered": 100.0, "percent_statements_covered_display": "100"}, "missing_lines": [], "excluded_lines": [], "start_line": 152}, "_fetch_url_with_timeout": {"executed_lines": [], "summary": {"covered_lines": 0, "num_statements": 21, "percent_covered": 0.0, "percent_covered_display": "0", "missing_lines": 21, "excluded_lines": 0, "percent_statements_covered": 0.0, "percent_statements_covered_display": "0"}, "missing_lines": [172, 184, 185, 186, 187, 189, 193, 199, 200, 201, 202, 203, 204, 205, 206, 207, 208, 209, 210, 211, 212], "excluded_lines": [], "start_line": 164}, "_error_message": {"executed_lines": [217, 218, 219, 220], "summary": {"covered_lines": 4, "num_statements": 15, "percent_covered": 26.666666666666668, "percent_covered_display": "27", "missing_lines": 11, "excluded_lines": 0, "percent_statements_covered": 26.666666666666668, "percent_statements_covered_display": "27"}, "missing_lines": [221, 222, 223, 224, 225, 226, 227, 228, 229, 230, 231], "excluded_lines": [], "start_line": 215}, "_rewrite_url": {"executed_lines": [242, 243, 244, 245, 248, 249, 250, 252], "summary": {"covered_lines": 8, "num_statements": 8, "percent_covered": 100.0, "percent_covered_display": "100", "missing_lines": 0, "excluded_lines": 0, "percent_statements_covered": 100.0, "percent_statements_covered_display": "100"}, "missing_lines": [], "excluded_lines": [], "start_line": 234}, "read_page": {"executed_lines": [262, 263, 264, 267, 268, 270, 273, 275, 276, 278, 281, 282], "summary": {"covered_lines": 12, "num_statements": 12, "percent_covered": 100.0, "percent_covered_display": "100", "missing_lines": 0, "excluded_lines": 0, "percent_statements_covered": 100.0, "percent_statements_covered_display": "100"}, "missing_lines": [], "excluded_lines": [], "start_line": 253}, "_do_read_page": {"executed_lines": [292, 295, 296, 299, 300, 304, 305, 311], "summary": {"covered_lines": 8, "num_statements": 9, "percent_covered": 88.88888888888889, "percent_covered_display": "89", "missing_lines": 1, "excluded_lines": 0, "percent_statements_covered": 88.88888888888889, "percent_statements_covered_display": "89"}, "missing_lines": [301], "excluded_lines": [], "start_line": 283}, "execute": {"executed_lines": [317, 319, 321], "summary": {"covered_lines": 3, "num_statements": 5, "percent_covered": 60.0, "percent_covered_display": "60", "missing_lines": 2, "excluded_lines": 0, "percent_statements_covered": 60.0, "percent_statements_covered_display": "60"}, "missing_lines": [318, 320], "excluded_lines": [], "start_line": 316}, "": {"executed_lines": [3, 4, 5, 6, 7, 8, 10, 12, 14, 17, 18, 19, 20, 21, 22, 23, 24, 26, 27, 28, 31, 36, 47, 62, 76, 86, 127, 152, 164, 215, 234, 253, 283, 316], "summary": {"covered_lines": 34, "num_statements": 34, "percent_covered": 100.0, "percent_covered_display": "100", "missing_lines": 0, "excluded_lines": 0, "percent_statements_covered": 100.0, "percent_statements_covered_display": "100"}, "missing_lines": [], "excluded_lines": [], "start_line": 1}}, "classes": {"": {"executed_lines": [3, 4, 5, 6, 7, 8, 10, 12, 14, 17, 18, 19, 20, 21, 22, 23, 24, 26, 27, 28, 31, 33, 36, 39, 40, 41, 42, 43, 44, 47, 50, 51, 52, 54, 55, 56, 57, 58, 59, 62, 65, 66, 67, 68, 69, 70, 71, 72, 73, 76, 78, 86, 127, 129, 130, 131, 133, 134, 135, 136, 137, 138, 139, 140, 144, 145, 146, 147, 148, 149, 152, 154, 155, 156, 158, 159, 160, 161, 164, 215, 217, 218, 219, 220, 234, 242, 243, 244, 245, 248, 249, 250, 252, 253, 262, 263, 264, 267, 268, 270, 273, 275, 276, 278, 281, 282, 283, 292, 295, 296, 299, 300, 304, 305, 311, 316, 317, 319, 321], "summary": {"covered_lines": 119, "num_statements": 156, "percent_covered": 76.28205128205128, "percent_covered_display": "76", "missing_lines": 37, "excluded_lines": 0, "percent_statements_covered": 76.28205128205128, "percent_statements_covered_display": "76"}, "missing_lines": [141, 142, 172, 184, 185, 186, 187, 189, 193, 199, 200, 201, 202, 203, 204, 205, 206, 207, 208, 209, 210, 211, 212, 221, 222, 223, 224, 225, 226, 227, 228, 229, 230, 231, 301, 318, 320], "excluded_lines": [], "start_line": 1}}}, "src\\validate.py": {"executed_lines": [10, 11, 12, 13, 14, 15, 16, 17, 20, 21, 22, 23, 26, 27, 28, 29, 30, 33, 34, 35, 36, 37, 38, 41, 42, 43, 44, 45, 46, 47, 48, 49, 50, 51, 54, 61, 63, 64, 65, 66, 67, 68, 69, 70, 71, 76, 78, 79, 82, 83, 84, 88, 89, 90, 95, 101, 103, 106, 108, 109, 110, 112, 113, 121, 122, 123, 125, 127, 136, 138, 139, 141, 142, 143, 144, 145, 146, 148, 149, 152, 153, 154, 156, 157, 158, 164, 172, 184, 203, 262, 265, 266, 268, 269, 274, 275, 276, 281, 282, 283, 289, 299, 351, 353, 360, 361, 362, 363, 364, 366, 374], "summary": {"covered_lines": 111, "num_statements": 181, "percent_covered": 61.32596685082873, "percent_covered_display": "61", "missing_lines": 70, "excluded_lines": 0, "percent_statements_covered": 61.32596685082873, "percent_statements_covered_display": "61"}, "missing_lines": [72, 73, 80, 85, 86, 91, 92, 93, 94, 96, 97, 98, 99, 102, 128, 129, 130, 131, 132, 133, 150, 174, 175, 176, 177, 178, 179, 180, 181, 186, 187, 194, 195, 196, 197, 199, 200, 205, 206, 207, 215, 216, 218, 219, 227, 228, 234, 235, 236, 242, 243, 249, 250, 301, 304, 305, 308, 309, 310, 322, 323, 326, 327, 328, 331, 332, 333, 334, 336, 338], "excluded_lines": [], "functions": {"_ast_check": {"executed_lines": [63, 64, 65, 66, 67, 68, 69, 70, 71], "summary": {"covered_lines": 9, "num_statements": 11, "percent_covered": 81.81818181818181, "percent_covered_display": "82", "missing_lines": 2, "excluded_lines": 0, "percent_statements_covered": 81.81818181818181, "percent_statements_covered_display": "82"}, "missing_lines": [72, 73], "excluded_lines": [], "start_line": 61}, "_import_check": {"executed_lines": [78, 79, 82, 83, 84, 88, 89, 90, 95, 101, 103], "summary": {"covered_lines": 11, "num_statements": 23, "percent_covered": 47.82608695652174, "percent_covered_display": "48", "missing_lines": 12, "excluded_lines": 0, "percent_statements_covered": 47.82608695652174, "percent_statements_covered_display": "48"}, "missing_lines": [80, 85, 86, 91, 92, 93, 94, 96, 97, 98, 99, 102], "excluded_lines": [], "start_line": 76}, "_ruff_check": {"executed_lines": [108, 109, 110, 112, 113, 121, 122, 123, 125, 127], "summary": {"covered_lines": 10, "num_statements": 16, "percent_covered": 62.5, "percent_covered_display": "62", "missing_lines": 6, "excluded_lines": 0, "percent_statements_covered": 62.5, "percent_statements_covered_display": "62"}, "missing_lines": [128, 129, 130, 131, 132, 133], "excluded_lines": [], "start_line": 106}, "pre_commit_checks": {"executed_lines": [138, 139, 141, 142, 143, 144, 145, 146, 148, 149, 152, 153, 154, 156, 157, 158, 164], "summary": {"covered_lines": 17, "num_statements": 18, "percent_covered": 94.44444444444444, "percent_covered_display": "94", "missing_lines": 1, "excluded_lines": 0, "percent_statements_covered": 94.44444444444444, "percent_statements_covered_display": "94"}, "missing_lines": [150], "excluded_lines": [], "start_line": 136}, "_get_coverage": {"executed_lines": [], "summary": {"covered_lines": 0, "num_statements": 8, "percent_covered": 0.0, "percent_covered_display": "0", "missing_lines": 8, "excluded_lines": 0, "percent_statements_covered": 0.0, "percent_statements_covered_display": "0"}, "missing_lines": [174, 175, 176, 177, 178, 179, 180, 181], "excluded_lines": [], "start_line": 172}, "_count_lint_issues": {"executed_lines": [], "summary": {"covered_lines": 0, "num_statements": 8, "percent_covered": 0.0, "percent_covered_display": "0", "missing_lines": 8, "excluded_lines": 0, "percent_statements_covered": 0.0, "percent_statements_covered_display": "0"}, "missing_lines": [186, 187, 194, 195, 196, 197, 199, 200], "excluded_lines": [], "start_line": 184}, "sandbox_tests": {"executed_lines": [], "summary": {"covered_lines": 0, "num_statements": 16, "percent_covered": 0.0, "percent_covered_display": "0", "missing_lines": 16, "excluded_lines": 0, "percent_statements_covered": 0.0, "percent_statements_covered_display": "0"}, "missing_lines": [205, 206, 207, 215, 216, 218, 219, 227, 228, 234, 235, 236, 242, 243, 249, 250], "excluded_lines": [], "start_line": 203}, "post_test_checks": {"executed_lines": [265, 266, 268, 269, 274, 275, 276, 281, 282, 283, 289], "summary": {"covered_lines": 11, "num_statements": 11, "percent_covered": 100.0, "percent_covered_display": "100", "missing_lines": 0, "excluded_lines": 0, "percent_statements_covered": 100.0, "percent_statements_covered_display": "100"}, "missing_lines": [], "excluded_lines": [], "start_line": 262}, "validate": {"executed_lines": [], "summary": {"covered_lines": 0, "num_statements": 17, "percent_covered": 0.0, "percent_covered_display": "0", "missing_lines": 17, "excluded_lines": 0, "percent_statements_covered": 0.0, "percent_statements_covered_display": "0"}, "missing_lines": [301, 304, 305, 308, 309, 310, 322, 323, 326, 327, 328, 331, 332, 333, 334, 336, 338], "excluded_lines": [], "start_line": 299}, "format_report": {"executed_lines": [353, 360, 361, 362, 363, 364, 366, 374], "summary": {"covered_lines": 8, "num_statements": 8, "percent_covered": 100.0, "percent_covered_display": "100", "missing_lines": 0, "excluded_lines": 0, "percent_statements_covered": 100.0, "percent_statements_covered_display": "100"}, "missing_lines": [], "excluded_lines": [], "start_line": 351}, "": {"executed_lines": [10, 11, 12, 13, 14, 15, 16, 17, 20, 21, 22, 23, 26, 27, 28, 29, 30, 33, 34, 35, 36, 37, 38, 41, 42, 43, 44, 45, 46, 47, 48, 49, 50, 51, 54, 61, 76, 106, 136, 172, 184, 203, 262, 299, 351], "summary": {"covered_lines": 45, "num_statements": 45, "percent_covered": 100.0, "percent_covered_display": "100", "missing_lines": 0, "excluded_lines": 0, "percent_statements_covered": 100.0, "percent_statements_covered_display": "100"}, "missing_lines": [], "excluded_lines": [], "start_line": 1}}, "classes": {"Phase": {"executed_lines": [], "summary": {"covered_lines": 0, "num_statements": 0, "percent_covered": 100.0, "percent_covered_display": "100", "missing_lines": 0, "excluded_lines": 0, "percent_statements_covered": 100.0, "percent_statements_covered_display": "100"}, "missing_lines": [], "excluded_lines": [], "start_line": 20}, "Result": {"executed_lines": [], "summary": {"covered_lines": 0, "num_statements": 0, "percent_covered": 100.0, "percent_covered_display": "100", "missing_lines": 0, "excluded_lines": 0, "percent_statements_covered": 100.0, "percent_statements_covered_display": "100"}, "missing_lines": [], "excluded_lines": [], "start_line": 26}, "PhaseResult": {"executed_lines": [], "summary": {"covered_lines": 0, "num_statements": 0, "percent_covered": 100.0, "percent_covered_display": "100", "missing_lines": 0, "excluded_lines": 0, "percent_statements_covered": 100.0, "percent_statements_covered_display": "100"}, "missing_lines": [], "excluded_lines": [], "start_line": 34}, "ValidationReport": {"executed_lines": [], "summary": {"covered_lines": 0, "num_statements": 0, "percent_covered": 100.0, "percent_covered_display": "100", "missing_lines": 0, "excluded_lines": 0, "percent_statements_covered": 100.0, "percent_statements_covered_display": "100"}, "missing_lines": [], "excluded_lines": [], "start_line": 42}, "": {"executed_lines": [10, 11, 12, 13, 14, 15, 16, 17, 20, 21, 22, 23, 26, 27, 28, 29, 30, 33, 34, 35, 36, 37, 38, 41, 42, 43, 44, 45, 46, 47, 48, 49, 50, 51, 54, 61, 63, 64, 65, 66, 67, 68, 69, 70, 71, 76, 78, 79, 82, 83, 84, 88, 89, 90, 95, 101, 103, 106, 108, 109, 110, 112, 113, 121, 122, 123, 125, 127, 136, 138, 139, 141, 142, 143, 144, 145, 146, 148, 149, 152, 153, 154, 156, 157, 158, 164, 172, 184, 203, 262, 265, 266, 268, 269, 274, 275, 276, 281, 282, 283, 289, 299, 351, 353, 360, 361, 362, 363, 364, 366, 374], "summary": {"covered_lines": 111, "num_statements": 181, "percent_covered": 61.32596685082873, "percent_covered_display": "61", "missing_lines": 70, "excluded_lines": 0, "percent_statements_covered": 61.32596685082873, "percent_statements_covered_display": "61"}, "missing_lines": [72, 73, 80, 85, 86, 91, 92, 93, 94, 96, 97, 98, 99, 102, 128, 129, 130, 131, 132, 133, 150, 174, 175, 176, 177, 178, 179, 180, 181, 186, 187, 194, 195, 196, 197, 199, 200, 205, 206, 207, 215, 216, 218, 219, 227, 228, 234, 235, 236, 242, 243, 249, 250, 301, 304, 305, 308, 309, 310, 322, 323, 326, 327, 328, 331, 332, 333, 334, 336, 338], "excluded_lines": [], "start_line": 1}}}}, "totals": {"covered_lines": 2417, "num_statements": 5966, "percent_covered": 40.51290646999665, "percent_covered_display": "41", "missing_lines": 3549, "excluded_lines": 6, "percent_statements_covered": 40.51290646999665, "percent_statements_covered_display": "41"}}